#
# There is insufficient memory for the Java Runtime Environment to continue.
# Native memory allocation (mmap) failed to map 734003200 bytes for G1 virtual space
# Possible reasons:
#   The system is out of physical RAM or swap space
#   The process is running with CompressedOops enabled, and the Java Heap may be blocking the growth of the native heap
# Possible solutions:
#   Reduce memory load on the system
#   Increase physical memory or swap space
#   Check if swap backing store is full
#   Decrease Java heap size (-Xmx/-Xms)
#   Decrease number of Java threads
#   Decrease Java thread stack sizes (-Xss)
#   Set larger code cache with -XX:ReservedCodeCacheSize=
#   JVM is running with Zero Based Compressed Oops mode in which the Java heap is
#     placed in the first 32GB address space. The Java Heap base address is the
#     maximum limit for the native heap growth. Please use -XX:HeapBaseMinAddress
#     to set the Java Heap base and to place the Java Heap above 32GB virtual address.
# This output file may be truncated or incomplete.
#
#  Out of Memory Error (os_windows.cpp:3769), pid=23280, tid=23200
#
# JRE version: OpenJDK Runtime Environment (17.0.6) (build 17.0.6+0-b2043.56-9586694)
# Java VM: OpenJDK 64-Bit Server VM (17.0.6+0-b2043.56-9586694, mixed mode, tiered, compressed oops, compressed class ptrs, g1 gc, windows-amd64)
# No core dump will be written. Minidumps are not enabled by default on client versions of Windows
#

---------------  S U M M A R Y ------------

Command Line: --add-opens=java.base/java.util=ALL-UNNAMED --add-opens=java.base/java.lang=ALL-UNNAMED --add-opens=java.base/java.lang.invoke=ALL-UNNAMED --add-opens=java.base/java.util=ALL-UNNAMED --add-opens=java.prefs/java.util.prefs=ALL-UNNAMED --add-opens=java.prefs/java.util.prefs=ALL-UNNAMED --add-opens=java.base/java.nio.charset=ALL-UNNAMED --add-opens=java.base/java.net=ALL-UNNAMED --add-opens=java.base/java.util.concurrent.atomic=ALL-UNNAMED -Xmx4608m -Dfile.encoding=windows-1255 -Duser.country=IL -Duser.language=he -Duser.variant org.gradle.launcher.daemon.bootstrap.GradleDaemon 7.5

Host: AMD Ryzen 3 5300U with Radeon Graphics         , 8 cores, 5G,  Windows 11 , 64 bit Build 22621 (10.0.22621.1928)
Time: Sat Aug 19 09:46:05 2023  Windows 11 , 64 bit Build 22621 (10.0.22621.1928) elapsed time: 406.420329 seconds (0d 0h 6m 46s)

---------------  T H R E A D  ---------------

Current thread (0x000001d37d0ae5e0):  VMThread "VM Thread" [stack: 0x0000000d78600000,0x0000000d78700000] [id=23200]

Stack: [0x0000000d78600000,0x0000000d78700000]
Native frames: (J=compiled Java code, j=interpreted, Vv=VM code, C=native code)
V  [jvm.dll+0x683b4a]
V  [jvm.dll+0x842654]
V  [jvm.dll+0x843dfe]
V  [jvm.dll+0x844463]
V  [jvm.dll+0x249b75]
V  [jvm.dll+0x680a19]
V  [jvm.dll+0x674f0a]
V  [jvm.dll+0x309acb]
V  [jvm.dll+0x310f86]
V  [jvm.dll+0x3608ee]
V  [jvm.dll+0x360b1f]
V  [jvm.dll+0x2dfbf8]
V  [jvm.dll+0x2ddec4]
V  [jvm.dll+0x2dd4cc]
V  [jvm.dll+0x321f3b]
V  [jvm.dll+0x84893b]
V  [jvm.dll+0x849674]
V  [jvm.dll+0x849b8d]
V  [jvm.dll+0x849f64]
V  [jvm.dll+0x84a030]
V  [jvm.dll+0x7f25fa]
V  [jvm.dll+0x682985]
C  [ucrtbase.dll+0x29363]
C  [KERNEL32.DLL+0x126ad]
C  [ntdll.dll+0x5aa68]

VM_Operation (0x0000000d061f7490): G1CollectForAllocation, mode: safepoint, requested by thread 0x000001d307c5c910


---------------  P R O C E S S  ---------------

Threads class SMR info:
_java_thread_list=0x000001d37deb1340, length=136, elements={
0x000001d35d3ecc20, 0x000001d37d12a020, 0x000001d37d12aae0, 0x000001d37d157330,
0x000001d37d157df0, 0x000001d37d1587a0, 0x000001d37d141500, 0x000001d37dc0e8c0,
0x000001d37dc0f1c0, 0x000001d37dc0fac0, 0x000001d37dd90760, 0x000001d37dd91040,
0x000001d37ed36080, 0x000001d37f157690, 0x000001d37f4d2350, 0x000001d37f688d60,
0x000001d37f687ef0, 0x000001d37f688890, 0x000001d37f76d110, 0x000001d37f76edf0,
0x000001d37f76b430, 0x000001d37f76bdd0, 0x000001d37f76c2a0, 0x000001d37f76f790,
0x000001d37f76c770, 0x000001d37f76a0f0, 0x000001d37f76cc40, 0x000001d37f76f2c0,
0x000001d37f76b900, 0x000001d37f76d5e0, 0x000001d300a76050, 0x000001d306721200,
0x000001d30671d370, 0x000001d30671b690, 0x000001d30671eb80, 0x000001d30671c500,
0x000001d306721ba0, 0x000001d3067216d0, 0x000001d30671bb60, 0x000001d30671f520,
0x000001d306720860, 0x000001d30671dd10, 0x000001d30671c030, 0x000001d30671e1e0,
0x000001d30671e6b0, 0x000001d30671f9f0, 0x000001d306720d30, 0x000001d30671c9d0,
0x000001d306722070, 0x000001d30671f050, 0x000001d30671fec0, 0x000001d306720390,
0x000001d30671a820, 0x000001d30671acf0, 0x000001d30671b1c0, 0x000001d3016522f0,
0x000001d30164df90, 0x000001d3016527c0, 0x000001d30164af70, 0x000001d30164e460,
0x000001d30164f7a0, 0x000001d30164cc50, 0x000001d301650fb0, 0x000001d30164b910,
0x000001d30164dac0, 0x000001d301650140, 0x000001d30164e930, 0x000001d301651e20,
0x000001d301651480, 0x000001d301650610, 0x000001d301650ae0, 0x000001d30164b440,
0x000001d30164ee00, 0x000001d30164f2d0, 0x000001d30164bde0, 0x000001d301651950,
0x000001d30164c2b0, 0x000001d30164c780, 0x000001d300a74840, 0x000001d300a70010,
0x000001d300a71350, 0x000001d300a77390, 0x000001d300a74d10, 0x000001d300a71820,
0x000001d300a77860, 0x000001d300a70e80, 0x000001d300a72b60, 0x000001d300a704e0,
0x000001d300a739d0, 0x000001d300a751e0, 0x000001d300a75b80, 0x000001d300a709b0,
0x000001d300a71cf0, 0x000001d300a721c0, 0x000001d300a73030, 0x000001d37f76fc60,
0x000001d37f770130, 0x000001d37f770600, 0x000001d37f768db0, 0x000001d37f769c20,
0x000001d37f76a5c0, 0x000001d3035963f0, 0x000001d30359ba90, 0x000001d30359bf60,
0x000001d37f689230, 0x000001d37f687a20, 0x000001d37f6883c0, 0x000001d3071e8bb0,
0x000001d3071e6060, 0x000001d3071e9080, 0x000001d3071e9550, 0x000001d3071e6530,
0x000001d3071e9a20, 0x000001d3071e6a00, 0x000001d3071e6ed0, 0x000001d3071e73a0,
0x000001d3071e7870, 0x000001d3071e7d40, 0x000001d3071e8210, 0x000001d3071e86e0,
0x000001d307c5a760, 0x000001d307c5ef90, 0x000001d307c5fe00, 0x000001d307c5ac30,
0x000001d307c5c440, 0x000001d307c5c910, 0x000001d307c5d2b0, 0x000001d307c607a0,
0x000001d307c5cde0, 0x000001d307c59420, 0x000001d307c598f0, 0x000001d307c59dc0,
0x000001d307c5a290, 0x000001d307c5e120, 0x000001d304e44840, 0x000001d304e45c80
}

Java Threads: ( => current thread )
  0x000001d35d3ecc20 JavaThread "main" [_thread_blocked, id=23776, stack(0x0000000d78000000,0x0000000d78100000)]
  0x000001d37d12a020 JavaThread "Reference Handler" daemon [_thread_blocked, id=23060, stack(0x0000000d78700000,0x0000000d78800000)]
  0x000001d37d12aae0 JavaThread "Finalizer" daemon [_thread_blocked, id=6212, stack(0x0000000d78800000,0x0000000d78900000)]
  0x000001d37d157330 JavaThread "Signal Dispatcher" daemon [_thread_blocked, id=22416, stack(0x0000000d78900000,0x0000000d78a00000)]
  0x000001d37d157df0 JavaThread "Attach Listener" daemon [_thread_blocked, id=16176, stack(0x0000000d78a00000,0x0000000d78b00000)]
  0x000001d37d1587a0 JavaThread "Service Thread" daemon [_thread_blocked, id=17356, stack(0x0000000d78b00000,0x0000000d78c00000)]
  0x000001d37d141500 JavaThread "Monitor Deflation Thread" daemon [_thread_blocked, id=8128, stack(0x0000000d78c00000,0x0000000d78d00000)]
  0x000001d37dc0e8c0 JavaThread "C2 CompilerThread0" daemon [_thread_blocked, id=13944, stack(0x0000000d78d00000,0x0000000d78e00000)]
  0x000001d37dc0f1c0 JavaThread "C1 CompilerThread0" daemon [_thread_blocked, id=10040, stack(0x0000000d78e00000,0x0000000d78f00000)]
  0x000001d37dc0fac0 JavaThread "Sweeper thread" daemon [_thread_blocked, id=13200, stack(0x0000000d78f00000,0x0000000d79000000)]
  0x000001d37dd90760 JavaThread "Common-Cleaner" daemon [_thread_blocked, id=10256, stack(0x0000000d79000000,0x0000000d79100000)]
  0x000001d37dd91040 JavaThread "Notification Thread" daemon [_thread_blocked, id=22276, stack(0x0000000d79100000,0x0000000d79200000)]
  0x000001d37ed36080 JavaThread "Daemon health stats" [_thread_blocked, id=12284, stack(0x0000000d79700000,0x0000000d79800000)]
  0x000001d37f157690 JavaThread "Incoming local TCP Connector on port 61581" [_thread_in_native, id=24008, stack(0x0000000d79b00000,0x0000000d79c00000)]
  0x000001d37f4d2350 JavaThread "Daemon periodic checks" [_thread_blocked, id=19564, stack(0x0000000d79c00000,0x0000000d79d00000)]
  0x000001d37f688d60 JavaThread "Cache worker for journal cache (C:\Users\or656\.gradle\caches\journal-1)" [_thread_blocked, id=23352, stack(0x0000000d7a400000,0x0000000d7a500000)]
  0x000001d37f687ef0 JavaThread "File lock request listener" [_thread_in_native, id=5036, stack(0x0000000d7a500000,0x0000000d7a600000)]
  0x000001d37f688890 JavaThread "Cache worker for file hash cache (C:\Users\or656\.gradle\caches\7.5\fileHashes)" [_thread_blocked, id=4372, stack(0x0000000d7a700000,0x0000000d7a800000)]
  0x000001d37f76d110 JavaThread "File watcher server" daemon [_thread_blocked, id=17008, stack(0x0000000d7a800000,0x0000000d7a900000)]
  0x000001d37f76edf0 JavaThread "File watcher consumer" daemon [_thread_blocked, id=15736, stack(0x0000000d7a900000,0x0000000d7aa00000)]
  0x000001d37f76b430 JavaThread "jar transforms" [_thread_blocked, id=1516, stack(0x0000000d7aa00000,0x0000000d7ab00000)]
  0x000001d37f76bdd0 JavaThread "jar transforms Thread 2" [_thread_blocked, id=17944, stack(0x0000000d7ab00000,0x0000000d7ac00000)]
  0x000001d37f76c2a0 JavaThread "jar transforms Thread 3" [_thread_blocked, id=17056, stack(0x0000000d7ac00000,0x0000000d7ad00000)]
  0x000001d37f76f790 JavaThread "jar transforms Thread 4" [_thread_blocked, id=7992, stack(0x0000000d7ad00000,0x0000000d7ae00000)]
  0x000001d37f76c770 JavaThread "jar transforms Thread 5" [_thread_blocked, id=24396, stack(0x0000000d7ae00000,0x0000000d7af00000)]
  0x000001d37f76a0f0 JavaThread "jar transforms Thread 6" [_thread_blocked, id=19936, stack(0x0000000d7af00000,0x0000000d7b000000)]
  0x000001d37f76cc40 JavaThread "jar transforms Thread 7" [_thread_blocked, id=22692, stack(0x0000000d7b000000,0x0000000d7b100000)]
  0x000001d37f76f2c0 JavaThread "jar transforms Thread 8" [_thread_blocked, id=12440, stack(0x0000000d7b100000,0x0000000d7b200000)]
  0x000001d37f76b900 JavaThread "Cache worker for file content cache (C:\Users\or656\.gradle\caches\7.5\fileContent)" [_thread_blocked, id=11920, stack(0x0000000d7b400000,0x0000000d7b500000)]
  0x000001d37f76d5e0 JavaThread "Cache worker for execution history cache (C:\Users\or656\.gradle\caches\7.5\executionHistory)" [_thread_blocked, id=5592, stack(0x0000000d7b700000,0x0000000d7b800000)]
  0x000001d300a76050 JavaThread "Memory manager" [_thread_blocked, id=23044, stack(0x0000000d00f00000,0x0000000d01000000)]
  0x000001d306721200 JavaThread "Daemon Thread 2" [_thread_blocked, id=5940, stack(0x0000000d00100000,0x0000000d00200000)]
  0x000001d30671d370 JavaThread "Handler for socket connection from /127.0.0.1:61581 to /127.0.0.1:61883" [_thread_in_native, id=22484, stack(0x0000000d00200000,0x0000000d00300000)]
  0x000001d30671b690 JavaThread "Cancel handler" [_thread_blocked, id=1524, stack(0x0000000d00300000,0x0000000d00400000)]
  0x000001d30671eb80 JavaThread "Daemon worker Thread 2" [_thread_blocked, id=18488, stack(0x0000000d00400000,0x0000000d00500000)]
  0x000001d30671c500 JavaThread "Asynchronous log dispatcher for DefaultDaemonConnection: socket connection from /127.0.0.1:61581 to /127.0.0.1:61883" [_thread_blocked, id=22912, stack(0x0000000d00500000,0x0000000d00600000)]
  0x000001d306721ba0 JavaThread "Daemon client event forwarder" [_thread_blocked, id=3020, stack(0x0000000d00700000,0x0000000d00800000)]
  0x000001d3067216d0 JavaThread "Cache worker for checksums cache (C:\Users\or656\AndroidStudioProjects\newTrivia2\.gradle\7.5\checksums)" [_thread_blocked, id=6644, stack(0x0000000d00800000,0x0000000d00900000)]
  0x000001d30671bb60 JavaThread "Cache worker for cache directory md-rule (C:\Users\or656\.gradle\caches\7.5\md-rule)" [_thread_blocked, id=20028, stack(0x0000000d00900000,0x0000000d00a00000)]
  0x000001d30671f520 JavaThread "Cache worker for file hash cache (C:\Users\or656\AndroidStudioProjects\newTrivia2\.gradle\7.5\fileHashes)" [_thread_blocked, id=3268, stack(0x0000000d00a00000,0x0000000d00b00000)]
  0x000001d306720860 JavaThread "Cache worker for cache directory md-supplier (C:\Users\or656\.gradle\caches\7.5\md-supplier)" [_thread_blocked, id=8876, stack(0x0000000d00b00000,0x0000000d00c00000)]
  0x000001d30671dd10 JavaThread "Cache worker for dependencies-accessors (C:\Users\or656\AndroidStudioProjects\newTrivia2\.gradle\7.5\dependencies-accessors)" [_thread_blocked, id=4968, stack(0x0000000d00c00000,0x0000000d00d00000)]
  0x000001d30671c030 JavaThread "Cache worker for Build Output Cleanup Cache (C:\Users\or656\AndroidStudioProjects\newTrivia2\.gradle\buildOutputCleanup)" [_thread_blocked, id=2148, stack(0x0000000d00d00000,0x0000000d00e00000)]
  0x000001d30671e1e0 JavaThread "Unconstrained build operations" [_thread_blocked, id=16768, stack(0x0000000d00e00000,0x0000000d00f00000)]
  0x000001d30671e6b0 JavaThread "Unconstrained build operations Thread 2" [_thread_blocked, id=1428, stack(0x0000000d01000000,0x0000000d01100000)]
  0x000001d30671f9f0 JavaThread "Unconstrained build operations Thread 3" [_thread_blocked, id=15840, stack(0x0000000d01100000,0x0000000d01200000)]
  0x000001d306720d30 JavaThread "Unconstrained build operations Thread 4" [_thread_blocked, id=9212, stack(0x0000000d01200000,0x0000000d01300000)]
  0x000001d30671c9d0 JavaThread "Unconstrained build operations Thread 5" [_thread_blocked, id=20508, stack(0x0000000d01300000,0x0000000d01400000)]
  0x000001d306722070 JavaThread "Unconstrained build operations Thread 6" [_thread_blocked, id=22468, stack(0x0000000d01400000,0x0000000d01500000)]
  0x000001d30671f050 JavaThread "Unconstrained build operations Thread 7" [_thread_blocked, id=6908, stack(0x0000000d01500000,0x0000000d01600000)]
  0x000001d30671fec0 JavaThread "Unconstrained build operations Thread 8" [_thread_blocked, id=21200, stack(0x0000000d01600000,0x0000000d01700000)]
  0x000001d306720390 JavaThread "Unconstrained build operations Thread 9" [_thread_blocked, id=15324, stack(0x0000000d01700000,0x0000000d01800000)]
  0x000001d30671a820 JavaThread "Unconstrained build operations Thread 10" [_thread_blocked, id=6072, stack(0x0000000d01800000,0x0000000d01900000)]
  0x000001d30671acf0 JavaThread "Unconstrained build operations Thread 11" [_thread_blocked, id=22020, stack(0x0000000d01900000,0x0000000d01a00000)]
  0x000001d30671b1c0 JavaThread "Unconstrained build operations Thread 12" [_thread_blocked, id=5484, stack(0x0000000d01a00000,0x0000000d01b00000)]
  0x000001d3016522f0 JavaThread "Unconstrained build operations Thread 13" [_thread_blocked, id=17092, stack(0x0000000d01b00000,0x0000000d01c00000)]
  0x000001d30164df90 JavaThread "Unconstrained build operations Thread 14" [_thread_blocked, id=17280, stack(0x0000000d01c00000,0x0000000d01d00000)]
  0x000001d3016527c0 JavaThread "Unconstrained build operations Thread 15" [_thread_blocked, id=11208, stack(0x0000000d01d00000,0x0000000d01e00000)]
  0x000001d30164af70 JavaThread "Unconstrained build operations Thread 16" [_thread_blocked, id=23152, stack(0x0000000d01e00000,0x0000000d01f00000)]
  0x000001d30164e460 JavaThread "Unconstrained build operations Thread 17" [_thread_blocked, id=17168, stack(0x0000000d01f00000,0x0000000d02000000)]
  0x000001d30164f7a0 JavaThread "Unconstrained build operations Thread 18" [_thread_blocked, id=8396, stack(0x0000000d02000000,0x0000000d02100000)]
  0x000001d30164cc50 JavaThread "Unconstrained build operations Thread 19" [_thread_blocked, id=14052, stack(0x0000000d02100000,0x0000000d02200000)]
  0x000001d301650fb0 JavaThread "Unconstrained build operations Thread 20" [_thread_blocked, id=23564, stack(0x0000000d02200000,0x0000000d02300000)]
  0x000001d30164b910 JavaThread "Unconstrained build operations Thread 21" [_thread_blocked, id=12872, stack(0x0000000d02300000,0x0000000d02400000)]
  0x000001d30164dac0 JavaThread "Unconstrained build operations Thread 22" [_thread_blocked, id=24304, stack(0x0000000d02400000,0x0000000d02500000)]
  0x000001d301650140 JavaThread "Unconstrained build operations Thread 23" [_thread_blocked, id=7564, stack(0x0000000d02500000,0x0000000d02600000)]
  0x000001d30164e930 JavaThread "Unconstrained build operations Thread 24" [_thread_blocked, id=8144, stack(0x0000000d02600000,0x0000000d02700000)]
  0x000001d301651e20 JavaThread "Unconstrained build operations Thread 25" [_thread_blocked, id=17268, stack(0x0000000d02700000,0x0000000d02800000)]
  0x000001d301651480 JavaThread "Unconstrained build operations Thread 26" [_thread_blocked, id=10676, stack(0x0000000d02800000,0x0000000d02900000)]
  0x000001d301650610 JavaThread "Unconstrained build operations Thread 27" [_thread_blocked, id=23488, stack(0x0000000d02900000,0x0000000d02a00000)]
  0x000001d301650ae0 JavaThread "Unconstrained build operations Thread 28" [_thread_blocked, id=16696, stack(0x0000000d02a00000,0x0000000d02b00000)]
  0x000001d30164b440 JavaThread "Unconstrained build operations Thread 29" [_thread_blocked, id=8656, stack(0x0000000d02b00000,0x0000000d02c00000)]
  0x000001d30164ee00 JavaThread "Unconstrained build operations Thread 30" [_thread_blocked, id=15728, stack(0x0000000d02c00000,0x0000000d02d00000)]
  0x000001d30164f2d0 JavaThread "Unconstrained build operations Thread 31" [_thread_blocked, id=15048, stack(0x0000000d02d00000,0x0000000d02e00000)]
  0x000001d30164bde0 JavaThread "Unconstrained build operations Thread 32" [_thread_blocked, id=15916, stack(0x0000000d02e00000,0x0000000d02f00000)]
  0x000001d301651950 JavaThread "Unconstrained build operations Thread 33" [_thread_blocked, id=3036, stack(0x0000000d02f00000,0x0000000d03000000)]
  0x000001d30164c2b0 JavaThread "Unconstrained build operations Thread 34" [_thread_blocked, id=21128, stack(0x0000000d03000000,0x0000000d03100000)]
  0x000001d30164c780 JavaThread "Unconstrained build operations Thread 35" [_thread_blocked, id=18040, stack(0x0000000d03100000,0x0000000d03200000)]
  0x000001d300a74840 JavaThread "Unconstrained build operations Thread 36" [_thread_blocked, id=18860, stack(0x0000000d03200000,0x0000000d03300000)]
  0x000001d300a70010 JavaThread "Unconstrained build operations Thread 37" [_thread_blocked, id=17524, stack(0x0000000d03300000,0x0000000d03400000)]
  0x000001d300a71350 JavaThread "Unconstrained build operations Thread 38" [_thread_blocked, id=8832, stack(0x0000000d03400000,0x0000000d03500000)]
  0x000001d300a77390 JavaThread "Unconstrained build operations Thread 39" [_thread_blocked, id=6816, stack(0x0000000d03500000,0x0000000d03600000)]
  0x000001d300a74d10 JavaThread "Unconstrained build operations Thread 40" [_thread_blocked, id=22532, stack(0x0000000d03600000,0x0000000d03700000)]
  0x000001d300a71820 JavaThread "Unconstrained build operations Thread 41" [_thread_blocked, id=19900, stack(0x0000000d03700000,0x0000000d03800000)]
  0x000001d300a77860 JavaThread "Unconstrained build operations Thread 42" [_thread_blocked, id=2428, stack(0x0000000d03800000,0x0000000d03900000)]
  0x000001d300a70e80 JavaThread "Unconstrained build operations Thread 43" [_thread_blocked, id=21312, stack(0x0000000d03900000,0x0000000d03a00000)]
  0x000001d300a72b60 JavaThread "Unconstrained build operations Thread 44" [_thread_blocked, id=14652, stack(0x0000000d03a00000,0x0000000d03b00000)]
  0x000001d300a704e0 JavaThread "Unconstrained build operations Thread 45" [_thread_blocked, id=10328, stack(0x0000000d03b00000,0x0000000d03c00000)]
  0x000001d300a739d0 JavaThread "Unconstrained build operations Thread 46" [_thread_blocked, id=10468, stack(0x0000000d03c00000,0x0000000d03d00000)]
  0x000001d300a751e0 JavaThread "Unconstrained build operations Thread 47" [_thread_blocked, id=1172, stack(0x0000000d03d00000,0x0000000d03e00000)]
  0x000001d300a75b80 JavaThread "Unconstrained build operations Thread 48" [_thread_blocked, id=20316, stack(0x0000000d03e00000,0x0000000d03f00000)]
  0x000001d300a709b0 JavaThread "Unconstrained build operations Thread 49" [_thread_blocked, id=2852, stack(0x0000000d03f00000,0x0000000d04000000)]
  0x000001d300a71cf0 JavaThread "Unconstrained build operations Thread 50" [_thread_blocked, id=21624, stack(0x0000000d04000000,0x0000000d04100000)]
  0x000001d300a721c0 JavaThread "Unconstrained build operations Thread 51" [_thread_blocked, id=1588, stack(0x0000000d04100000,0x0000000d04200000)]
  0x000001d300a73030 JavaThread "Unconstrained build operations Thread 52" [_thread_blocked, id=14512, stack(0x0000000d04200000,0x0000000d04300000)]
  0x000001d37f76fc60 JavaThread "Unconstrained build operations Thread 53" [_thread_blocked, id=3772, stack(0x0000000d04300000,0x0000000d04400000)]
  0x000001d37f770130 JavaThread "Unconstrained build operations Thread 54" [_thread_blocked, id=17888, stack(0x0000000d04400000,0x0000000d04500000)]
  0x000001d37f770600 JavaThread "Unconstrained build operations Thread 55" [_thread_blocked, id=22100, stack(0x0000000d04500000,0x0000000d04600000)]
  0x000001d37f768db0 JavaThread "Unconstrained build operations Thread 56" [_thread_blocked, id=11436, stack(0x0000000d04600000,0x0000000d04700000)]
  0x000001d37f769c20 JavaThread "Unconstrained build operations Thread 57" [_thread_blocked, id=4764, stack(0x0000000d04700000,0x0000000d04800000)]
  0x000001d37f76a5c0 JavaThread "Unconstrained build operations Thread 58" [_thread_blocked, id=10496, stack(0x0000000d04800000,0x0000000d04900000)]
  0x000001d3035963f0 JavaThread "Unconstrained build operations Thread 59" [_thread_blocked, id=12356, stack(0x0000000d04900000,0x0000000d04a00000)]
  0x000001d30359ba90 JavaThread "Unconstrained build operations Thread 60" [_thread_blocked, id=13188, stack(0x0000000d04a00000,0x0000000d04b00000)]
  0x000001d30359bf60 JavaThread "Unconstrained build operations Thread 61" [_thread_blocked, id=22596, stack(0x0000000d04b00000,0x0000000d04c00000)]
  0x000001d37f689230 JavaThread "Unconstrained build operations Thread 62" [_thread_blocked, id=13592, stack(0x0000000d04c00000,0x0000000d04d00000)]
  0x000001d37f687a20 JavaThread "Unconstrained build operations Thread 63" [_thread_blocked, id=9772, stack(0x0000000d04d00000,0x0000000d04e00000)]
  0x000001d37f6883c0 JavaThread "Unconstrained build operations Thread 64" [_thread_blocked, id=10732, stack(0x0000000d04e00000,0x0000000d04f00000)]
  0x000001d3071e8bb0 JavaThread "Unconstrained build operations Thread 65" [_thread_blocked, id=11520, stack(0x0000000d04f00000,0x0000000d05000000)]
  0x000001d3071e6060 JavaThread "Unconstrained build operations Thread 66" [_thread_blocked, id=10352, stack(0x0000000d05000000,0x0000000d05100000)]
  0x000001d3071e9080 JavaThread "Unconstrained build operations Thread 67" [_thread_blocked, id=20732, stack(0x0000000d05100000,0x0000000d05200000)]
  0x000001d3071e9550 JavaThread "Unconstrained build operations Thread 68" [_thread_blocked, id=17644, stack(0x0000000d05200000,0x0000000d05300000)]
  0x000001d3071e6530 JavaThread "Unconstrained build operations Thread 69" [_thread_blocked, id=21304, stack(0x0000000d05300000,0x0000000d05400000)]
  0x000001d3071e9a20 JavaThread "Unconstrained build operations Thread 70" [_thread_blocked, id=21956, stack(0x0000000d05400000,0x0000000d05500000)]
  0x000001d3071e6a00 JavaThread "Unconstrained build operations Thread 71" [_thread_blocked, id=23536, stack(0x0000000d05500000,0x0000000d05600000)]
  0x000001d3071e6ed0 JavaThread "Unconstrained build operations Thread 72" [_thread_blocked, id=7864, stack(0x0000000d05600000,0x0000000d05700000)]
  0x000001d3071e73a0 JavaThread "Unconstrained build operations Thread 73" [_thread_blocked, id=18144, stack(0x0000000d05700000,0x0000000d05800000)]
  0x000001d3071e7870 JavaThread "Unconstrained build operations Thread 74" [_thread_blocked, id=19916, stack(0x0000000d05800000,0x0000000d05900000)]
  0x000001d3071e7d40 JavaThread "Unconstrained build operations Thread 75" [_thread_blocked, id=8204, stack(0x0000000d05900000,0x0000000d05a00000)]
  0x000001d3071e8210 JavaThread "Unconstrained build operations Thread 76" [_thread_blocked, id=15708, stack(0x0000000d05a00000,0x0000000d05b00000)]
  0x000001d3071e86e0 JavaThread "Unconstrained build operations Thread 77" [_thread_blocked, id=12560, stack(0x0000000d05b00000,0x0000000d05c00000)]
  0x000001d307c5a760 JavaThread "Unconstrained build operations Thread 78" [_thread_blocked, id=9944, stack(0x0000000d05c00000,0x0000000d05d00000)]
  0x000001d307c5ef90 JavaThread "Unconstrained build operations Thread 79" [_thread_blocked, id=16780, stack(0x0000000d05d00000,0x0000000d05e00000)]
  0x000001d307c5fe00 JavaThread "Unconstrained build operations Thread 80" [_thread_blocked, id=8884, stack(0x0000000d05e00000,0x0000000d05f00000)]
  0x000001d307c5ac30 JavaThread "build event listener" [_thread_blocked, id=17256, stack(0x0000000d05f00000,0x0000000d06000000)]
  0x000001d307c5c440 JavaThread "included builds" [_thread_blocked, id=23016, stack(0x0000000d06000000,0x0000000d06100000)]
  0x000001d307c5c910 JavaThread "Execution worker" [_thread_blocked, id=9884, stack(0x0000000d06100000,0x0000000d06200000)]
  0x000001d307c5d2b0 JavaThread "Execution worker Thread 2" [_thread_blocked, id=7320, stack(0x0000000d06200000,0x0000000d06300000)]
  0x000001d307c607a0 JavaThread "Execution worker Thread 3" [_thread_blocked, id=5680, stack(0x0000000d06300000,0x0000000d06400000)]
  0x000001d307c5cde0 JavaThread "Execution worker Thread 4" [_thread_blocked, id=22344, stack(0x0000000d06400000,0x0000000d06500000)]
  0x000001d307c59420 JavaThread "Execution worker Thread 5" [_thread_blocked, id=18620, stack(0x0000000d06500000,0x0000000d06600000)]
  0x000001d307c598f0 JavaThread "Execution worker Thread 6" [_thread_blocked, id=21876, stack(0x0000000d06600000,0x0000000d06700000)]
  0x000001d307c59dc0 JavaThread "Execution worker Thread 7" [_thread_blocked, id=17276, stack(0x0000000d06700000,0x0000000d06800000)]
  0x000001d307c5a290 JavaThread "Cache worker for execution history cache (C:\Users\or656\AndroidStudioProjects\newTrivia2\.gradle\7.5\executionHistory)" [_thread_blocked, id=23108, stack(0x0000000d06800000,0x0000000d06900000)]
  0x000001d307c5e120 JavaThread "WorkerExecutor Queue" [_thread_blocked, id=10500, stack(0x0000000d06900000,0x0000000d06a00000)]
  0x000001d304e44840 JavaThread "C2 CompilerThread1" daemon [_thread_blocked, id=22724, stack(0x0000000d00000000,0x0000000d00100000)]
  0x000001d304e45c80 JavaThread "C2 CompilerThread2" daemon [_thread_blocked, id=21600, stack(0x0000000d00600000,0x0000000d00700000)]

Other Threads:
=>0x000001d37d0ae5e0 VMThread "VM Thread" [stack: 0x0000000d78600000,0x0000000d78700000] [id=23200]
  0x000001d37dd91510 WatcherThread [stack: 0x0000000d79200000,0x0000000d79300000] [id=16844]
  0x000001d35d45bb20 GCTaskThread "GC Thread#0" [stack: 0x0000000d78100000,0x0000000d78200000] [id=4004]
  0x000001d37eace010 GCTaskThread "GC Thread#1" [stack: 0x0000000d79300000,0x0000000d79400000] [id=5948]
  0x000001d37dffebb0 GCTaskThread "GC Thread#2" [stack: 0x0000000d79400000,0x0000000d79500000] [id=19356]
  0x000001d37eb21060 GCTaskThread "GC Thread#3" [stack: 0x0000000d79500000,0x0000000d79600000] [id=17616]
  0x000001d37e8e4240 GCTaskThread "GC Thread#4" [stack: 0x0000000d79600000,0x0000000d79700000] [id=4860]
  0x000001d37f0033e0 GCTaskThread "GC Thread#5" [stack: 0x0000000d79800000,0x0000000d79900000] [id=20140]
  0x000001d37f003690 GCTaskThread "GC Thread#6" [stack: 0x0000000d79900000,0x0000000d79a00000] [id=13712]
  0x000001d37f003940 GCTaskThread "GC Thread#7" [stack: 0x0000000d79a00000,0x0000000d79b00000] [id=23808]
  0x000001d35d4660a0 ConcurrentGCThread "G1 Main Marker" [stack: 0x0000000d78200000,0x0000000d78300000] [id=1068]
  0x000001d35d466950 ConcurrentGCThread "G1 Conc#0" [stack: 0x0000000d78300000,0x0000000d78400000] [id=17012]
  0x000001d37f64a9f0 ConcurrentGCThread "G1 Conc#1" [stack: 0x0000000d7a600000,0x0000000d7a700000] [id=1052]
  0x000001d35d4ade40 ConcurrentGCThread "G1 Refine#0" [stack: 0x0000000d78400000,0x0000000d78500000] [id=24080]
  0x000001d304ce2280 ConcurrentGCThread "G1 Refine#1" [stack: 0x0000000d06a00000,0x0000000d06b00000] [id=20272]
  0x000001d304ce2e00 ConcurrentGCThread "G1 Refine#2" [stack: 0x0000000d06b00000,0x0000000d06c00000] [id=18940]
  0x000001d3084b9560 ConcurrentGCThread "G1 Refine#3" [stack: 0x0000000d06c00000,0x0000000d06d00000] [id=2936]
  0x000001d35d4ae700 ConcurrentGCThread "G1 Service" [stack: 0x0000000d78500000,0x0000000d78600000] [id=11500]

Threads with active compile tasks:
C2 CompilerThread0   406471 23969       4       com.android.ide.common.blame.MergingLogPersistUtil$$Lambda$1668/0x000000080109f280::accept (12 bytes)
C2 CompilerThread1   406471 24000 %     4       java.util.Properties::saveConvert @ 43 (383 bytes)
C2 CompilerThread2   406471 23970       4       com.android.ide.common.blame.MergingLogPersistUtil::lambda$normalize$0 (107 bytes)

VM state: at safepoint (normal execution)

VM Mutex/Monitor currently owned by a thread:  ([mutex/lock_event])
[0x000001d35b21aee0] Threads_lock - owner thread: 0x000001d37d0ae5e0
[0x000001d35b21b090] Heap_lock - owner thread: 0x000001d307c5c910

Heap address: 0x00000006e0000000, size: 4608 MB, Compressed Oops mode: Zero based, Oop shift amount: 3

CDS archive(s) not mapped
Compressed class space mapped at: 0x0000000800000000-0x0000000840000000, reserved size: 1073741824
Narrow klass base: 0x0000000800000000, Narrow klass shift: 0, Narrow klass range: 0x40000000

GC Precious Log:
 CPUs: 8 total, 8 available
 Memory: 6005M
 Large Page Support: Disabled
 NUMA Support: Disabled
 Compressed Oops: Enabled (Zero based)
 Heap Region Size: 4M
 Heap Min Capacity: 8M
 Heap Initial Capacity: 96M
 Heap Max Capacity: 4608M
 Pre-touch: Disabled
 Parallel Workers: 8
 Concurrent Workers: 2
 Concurrent Refinement Workers: 8
 Periodic GC: Disabled

Heap:
 garbage-first heap   total 905216K, used 293666K [0x00000006e0000000, 0x0000000800000000)
  region size 4096K, 1 young (4096K), 1 survivors (4096K)
 Metaspace       used 128399K, committed 129344K, reserved 1163264K
  class space    used 16702K, committed 17152K, reserved 1048576K

Heap Regions: E=young(eden), S=young(survivor), O=old, HS=humongous(starts), HC=humongous(continues), CS=collection set, F=free, OA=open archive, CA=closed archive, TAMS=top-at-mark-start (previous, next)
|   0|0x00000006e0000000, 0x00000006e0400000, 0x00000006e0400000|100%| O|  |TAMS 0x00000006e0400000, 0x00000006e0000000| Untracked 
|   1|0x00000006e0400000, 0x00000006e0800000, 0x00000006e0800000|100%|HS|  |TAMS 0x00000006e0800000, 0x00000006e0400000| Complete 
|   2|0x00000006e0800000, 0x00000006e0c00000, 0x00000006e0c00000|100%| O|  |TAMS 0x00000006e0c00000, 0x00000006e0800000| Untracked 
|   3|0x00000006e0c00000, 0x00000006e0ffe000, 0x00000006e1000000| 99%| O|  |TAMS 0x00000006e0ffe000, 0x00000006e0c00000| Untracked 
|   4|0x00000006e1000000, 0x00000006e1400000, 0x00000006e1400000|100%|HS|  |TAMS 0x00000006e1400000, 0x00000006e1000000| Complete 
|   5|0x00000006e1400000, 0x00000006e1800000, 0x00000006e1800000|100%|HS|  |TAMS 0x00000006e1800000, 0x00000006e1400000| Complete 
|   6|0x00000006e1800000, 0x00000006e1c00000, 0x00000006e1c00000|100%|HC|  |TAMS 0x00000006e1c00000, 0x00000006e1800000| Complete 
|   7|0x00000006e1c00000, 0x00000006e2000000, 0x00000006e2000000|100%| O|  |TAMS 0x00000006e2000000, 0x00000006e1c00000| Untracked 
|   8|0x00000006e2000000, 0x00000006e2400000, 0x00000006e2400000|100%| O|  |TAMS 0x00000006e2400000, 0x00000006e2000000| Untracked 
|   9|0x00000006e2400000, 0x00000006e2800000, 0x00000006e2800000|100%| O|  |TAMS 0x00000006e2800000, 0x00000006e2400000| Untracked 
|  10|0x00000006e2800000, 0x00000006e2c00000, 0x00000006e2c00000|100%|HS|  |TAMS 0x00000006e2c00000, 0x00000006e2800000| Complete 
|  11|0x00000006e2c00000, 0x00000006e3000000, 0x00000006e3000000|100%|HC|  |TAMS 0x00000006e3000000, 0x00000006e2c00000| Complete 
|  12|0x00000006e3000000, 0x00000006e3400000, 0x00000006e3400000|100%|HC|  |TAMS 0x00000006e3400000, 0x00000006e3000000| Complete 
|  13|0x00000006e3400000, 0x00000006e3800000, 0x00000006e3800000|100%|HS|  |TAMS 0x00000006e3800000, 0x00000006e3400000| Complete 
|  14|0x00000006e3800000, 0x00000006e3c00000, 0x00000006e3c00000|100%| O|  |TAMS 0x00000006e3c00000, 0x00000006e3800000| Untracked 
|  15|0x00000006e3c00000, 0x00000006e4000000, 0x00000006e4000000|100%| O|  |TAMS 0x00000006e4000000, 0x00000006e3c00000| Untracked 
|  16|0x00000006e4000000, 0x00000006e4400000, 0x00000006e4400000|100%| O|  |TAMS 0x00000006e4400000, 0x00000006e4000000| Untracked 
|  17|0x00000006e4400000, 0x00000006e4800000, 0x00000006e4800000|100%|HS|  |TAMS 0x00000006e4800000, 0x00000006e4400000| Complete 
|  18|0x00000006e4800000, 0x00000006e4c00000, 0x00000006e4c00000|100%|HC|  |TAMS 0x00000006e4c00000, 0x00000006e4800000| Complete 
|  19|0x00000006e4c00000, 0x00000006e5000000, 0x00000006e5000000|100%| O|  |TAMS 0x00000006e5000000, 0x00000006e4c00000| Untracked 
|  20|0x00000006e5000000, 0x00000006e5400000, 0x00000006e5400000|100%|HS|  |TAMS 0x00000006e5400000, 0x00000006e5000000| Complete 
|  21|0x00000006e5400000, 0x00000006e5800000, 0x00000006e5800000|100%|HS|  |TAMS 0x00000006e5800000, 0x00000006e5400000| Complete 
|  22|0x00000006e5800000, 0x00000006e5c00000, 0x00000006e5c00000|100%| O|  |TAMS 0x00000006e5c00000, 0x00000006e5800000| Untracked 
|  23|0x00000006e5c00000, 0x00000006e6000000, 0x00000006e6000000|100%| O|  |TAMS 0x00000006e6000000, 0x00000006e5c00000| Untracked 
|  24|0x00000006e6000000, 0x00000006e6400000, 0x00000006e6400000|100%| O|  |TAMS 0x00000006e6400000, 0x00000006e6000000| Untracked 
|  25|0x00000006e6400000, 0x00000006e6400000, 0x00000006e6800000|  0%| F|  |TAMS 0x00000006e6400000, 0x00000006e6400000| Untracked 
|  26|0x00000006e6800000, 0x00000006e6c00000, 0x00000006e6c00000|100%| O|  |TAMS 0x00000006e6c00000, 0x00000006e6800000| Untracked 
|  27|0x00000006e6c00000, 0x00000006e7000000, 0x00000006e7000000|100%| O|  |TAMS 0x00000006e7000000, 0x00000006e6c00000| Untracked 
|  28|0x00000006e7000000, 0x00000006e7400000, 0x00000006e7400000|100%|HS|  |TAMS 0x00000006e7400000, 0x00000006e7000000| Complete 
|  29|0x00000006e7400000, 0x00000006e7800000, 0x00000006e7800000|100%|HS|  |TAMS 0x00000006e7800000, 0x00000006e7400000| Complete 
|  30|0x00000006e7800000, 0x00000006e7c00000, 0x00000006e7c00000|100%| O|  |TAMS 0x00000006e7c00000, 0x00000006e7800000| Untracked 
|  31|0x00000006e7c00000, 0x00000006e8000000, 0x00000006e8000000|100%| O|  |TAMS 0x00000006e8000000, 0x00000006e7c00000| Untracked 
|  32|0x00000006e8000000, 0x00000006e8000000, 0x00000006e8400000|  0%| F|  |TAMS 0x00000006e8000000, 0x00000006e8000000| Untracked 
|  33|0x00000006e8400000, 0x00000006e8800000, 0x00000006e8800000|100%| O|  |TAMS 0x00000006e8800000, 0x00000006e8400000| Untracked 
|  34|0x00000006e8800000, 0x00000006e8800000, 0x00000006e8c00000|  0%| F|  |TAMS 0x00000006e8800000, 0x00000006e8800000| Untracked 
|  35|0x00000006e8c00000, 0x00000006e9000000, 0x00000006e9000000|100%|HS|  |TAMS 0x00000006e9000000, 0x00000006e8c00000| Complete 
|  36|0x00000006e9000000, 0x00000006e9400000, 0x00000006e9400000|100%|HC|  |TAMS 0x00000006e9400000, 0x00000006e9000000| Complete 
|  37|0x00000006e9400000, 0x00000006e9800000, 0x00000006e9800000|100%|HC|  |TAMS 0x00000006e9800000, 0x00000006e9400000| Complete 
|  38|0x00000006e9800000, 0x00000006e9c00000, 0x00000006e9c00000|100%|HS|  |TAMS 0x00000006e9c00000, 0x00000006e9800000| Complete 
|  39|0x00000006e9c00000, 0x00000006ea000000, 0x00000006ea000000|100%|HC|  |TAMS 0x00000006ea000000, 0x00000006e9c00000| Complete 
|  40|0x00000006ea000000, 0x00000006ea400000, 0x00000006ea400000|100%|HS|  |TAMS 0x00000006ea400000, 0x00000006ea000000| Complete 
|  41|0x00000006ea400000, 0x00000006ea800000, 0x00000006ea800000|100%|HC|  |TAMS 0x00000006ea800000, 0x00000006ea400000| Complete 
|  42|0x00000006ea800000, 0x00000006eac00000, 0x00000006eac00000|100%|HC|  |TAMS 0x00000006eac00000, 0x00000006ea800000| Complete 
|  43|0x00000006eac00000, 0x00000006eb000000, 0x00000006eb000000|100%| O|  |TAMS 0x00000006eb000000, 0x00000006eac00000| Untracked 
|  44|0x00000006eb000000, 0x00000006eb400000, 0x00000006eb400000|100%| O|  |TAMS 0x00000006eb400000, 0x00000006eb000000| Untracked 
|  45|0x00000006eb400000, 0x00000006eb800000, 0x00000006eb800000|100%| O|  |TAMS 0x00000006eb800000, 0x00000006eb400000| Untracked 
|  46|0x00000006eb800000, 0x00000006ebc00000, 0x00000006ebc00000|100%| O|  |TAMS 0x00000006ebc00000, 0x00000006eb800000| Untracked 
|  47|0x00000006ebc00000, 0x00000006ec000000, 0x00000006ec000000|100%| O|  |TAMS 0x00000006ec000000, 0x00000006ebc00000| Untracked 
|  48|0x00000006ec000000, 0x00000006ec400000, 0x00000006ec400000|100%| O|  |TAMS 0x00000006ec400000, 0x00000006ec000000| Untracked 
|  49|0x00000006ec400000, 0x00000006ec800000, 0x00000006ec800000|100%| O|  |TAMS 0x00000006ec800000, 0x00000006ec400000| Untracked 
|  50|0x00000006ec800000, 0x00000006ecc00000, 0x00000006ecc00000|100%| O|  |TAMS 0x00000006ecc00000, 0x00000006ec800000| Untracked 
|  51|0x00000006ecc00000, 0x00000006ed000000, 0x00000006ed000000|100%| O|  |TAMS 0x00000006ed000000, 0x00000006ecc00000| Untracked 
|  52|0x00000006ed000000, 0x00000006ed400000, 0x00000006ed400000|100%| O|  |TAMS 0x00000006ed400000, 0x00000006ed000000| Untracked 
|  53|0x00000006ed400000, 0x00000006ed800000, 0x00000006ed800000|100%| O|  |TAMS 0x00000006ed800000, 0x00000006ed400000| Untracked 
|  54|0x00000006ed800000, 0x00000006edc00000, 0x00000006edc00000|100%| O|  |TAMS 0x00000006edc00000, 0x00000006ed800000| Untracked 
|  55|0x00000006edc00000, 0x00000006ee000000, 0x00000006ee000000|100%| O|  |TAMS 0x00000006ee000000, 0x00000006edc00000| Untracked 
|  56|0x00000006ee000000, 0x00000006ee400000, 0x00000006ee400000|100%| O|  |TAMS 0x00000006ee400000, 0x00000006ee000000| Untracked 
|  57|0x00000006ee400000, 0x00000006ee800000, 0x00000006ee800000|100%| O|  |TAMS 0x00000006ee800000, 0x00000006ee400000| Untracked 
|  58|0x00000006ee800000, 0x00000006eec00000, 0x00000006eec00000|100%| O|  |TAMS 0x00000006eec00000, 0x00000006ee800000| Untracked 
|  59|0x00000006eec00000, 0x00000006ef000000, 0x00000006ef000000|100%| O|  |TAMS 0x00000006ef000000, 0x00000006eec00000| Untracked 
|  60|0x00000006ef000000, 0x00000006ef400000, 0x00000006ef400000|100%| O|  |TAMS 0x00000006ef400000, 0x00000006ef000000| Untracked 
|  61|0x00000006ef400000, 0x00000006ef800000, 0x00000006ef800000|100%| O|  |TAMS 0x00000006ef800000, 0x00000006ef400000| Untracked 
|  62|0x00000006ef800000, 0x00000006efc00000, 0x00000006efc00000|100%| O|  |TAMS 0x00000006efc00000, 0x00000006ef800000| Untracked 
|  63|0x00000006efc00000, 0x00000006f0000000, 0x00000006f0000000|100%| O|  |TAMS 0x00000006f0000000, 0x00000006efc00000| Untracked 
|  64|0x00000006f0000000, 0x00000006f0400000, 0x00000006f0400000|100%| O|  |TAMS 0x00000006f0400000, 0x00000006f0000000| Untracked 
|  65|0x00000006f0400000, 0x00000006f0800000, 0x00000006f0800000|100%| O|  |TAMS 0x00000006f0800000, 0x00000006f0400000| Untracked 
|  66|0x00000006f0800000, 0x00000006f0c00000, 0x00000006f0c00000|100%| O|  |TAMS 0x00000006f0c00000, 0x00000006f0800000| Untracked 
|  67|0x00000006f0c00000, 0x00000006f1000000, 0x00000006f1000000|100%| O|  |TAMS 0x00000006f1000000, 0x00000006f0c00000| Untracked 
|  68|0x00000006f1000000, 0x00000006f1400000, 0x00000006f1400000|100%| O|  |TAMS 0x00000006f1400000, 0x00000006f1000000| Untracked 
|  69|0x00000006f1400000, 0x00000006f1800000, 0x00000006f1800000|100%| O|  |TAMS 0x00000006f143b608, 0x00000006f1400000| Untracked 
|  70|0x00000006f1800000, 0x00000006f1c00000, 0x00000006f1c00000|100%| O|  |TAMS 0x00000006f1800000, 0x00000006f1800000| Untracked 
|  71|0x00000006f1c00000, 0x00000006f2000000, 0x00000006f2000000|100%| O|  |TAMS 0x00000006f1c00000, 0x00000006f1c00000| Untracked 
|  72|0x00000006f2000000, 0x00000006f2400000, 0x00000006f2400000|100%| O|  |TAMS 0x00000006f2000000, 0x00000006f2000000| Untracked 
|  73|0x00000006f2400000, 0x00000006f2800000, 0x00000006f2800000|100%| O|  |TAMS 0x00000006f2400000, 0x00000006f2400000| Untracked 
|  74|0x00000006f2800000, 0x00000006f29f4600, 0x00000006f2c00000| 48%| O|  |TAMS 0x00000006f2800000, 0x00000006f2800000| Untracked 
|  75|0x00000006f2c00000, 0x00000006f2c00000, 0x00000006f3000000|  0%| F|  |TAMS 0x00000006f2c00000, 0x00000006f2c00000| Untracked 
|  76|0x00000006f3000000, 0x00000006f3000000, 0x00000006f3400000|  0%| F|  |TAMS 0x00000006f3000000, 0x00000006f3000000| Untracked 
|  77|0x00000006f3400000, 0x00000006f3400000, 0x00000006f3800000|  0%| F|  |TAMS 0x00000006f3400000, 0x00000006f3400000| Untracked 
|  78|0x00000006f3800000, 0x00000006f3800000, 0x00000006f3c00000|  0%| F|  |TAMS 0x00000006f3800000, 0x00000006f3800000| Untracked 
|  79|0x00000006f3c00000, 0x00000006f3c00000, 0x00000006f4000000|  0%| F|  |TAMS 0x00000006f3c00000, 0x00000006f3c00000| Untracked 
|  80|0x00000006f4000000, 0x00000006f4000000, 0x00000006f4400000|  0%| F|  |TAMS 0x00000006f4000000, 0x00000006f4000000| Untracked 
|  81|0x00000006f4400000, 0x00000006f4400000, 0x00000006f4800000|  0%| F|  |TAMS 0x00000006f4400000, 0x00000006f4400000| Untracked 
|  82|0x00000006f4800000, 0x00000006f4800000, 0x00000006f4c00000|  0%| F|  |TAMS 0x00000006f4800000, 0x00000006f4800000| Untracked 
|  83|0x00000006f4c00000, 0x00000006f4c00000, 0x00000006f5000000|  0%| F|  |TAMS 0x00000006f4c00000, 0x00000006f4c00000| Untracked 
|  84|0x00000006f5000000, 0x00000006f5000000, 0x00000006f5400000|  0%| F|  |TAMS 0x00000006f5000000, 0x00000006f5000000| Untracked 
|  85|0x00000006f5400000, 0x00000006f5400000, 0x00000006f5800000|  0%| F|  |TAMS 0x00000006f5400000, 0x00000006f5400000| Untracked 
|  86|0x00000006f5800000, 0x00000006f5800000, 0x00000006f5c00000|  0%| F|  |TAMS 0x00000006f5800000, 0x00000006f5800000| Untracked 
|  87|0x00000006f5c00000, 0x00000006f5c00000, 0x00000006f6000000|  0%| F|  |TAMS 0x00000006f5c00000, 0x00000006f5c00000| Untracked 
|  88|0x00000006f6000000, 0x00000006f6000000, 0x00000006f6400000|  0%| F|  |TAMS 0x00000006f6000000, 0x00000006f6000000| Untracked 
|  89|0x00000006f6400000, 0x00000006f6400000, 0x00000006f6800000|  0%| F|  |TAMS 0x00000006f6400000, 0x00000006f6400000| Untracked 
|  90|0x00000006f6800000, 0x00000006f6800000, 0x00000006f6c00000|  0%| F|  |TAMS 0x00000006f6800000, 0x00000006f6800000| Untracked 
|  91|0x00000006f6c00000, 0x00000006f6c00000, 0x00000006f7000000|  0%| F|  |TAMS 0x00000006f6c00000, 0x00000006f6c00000| Untracked 
|  92|0x00000006f7000000, 0x00000006f7000000, 0x00000006f7400000|  0%| F|  |TAMS 0x00000006f7000000, 0x00000006f7000000| Untracked 
|  93|0x00000006f7400000, 0x00000006f7400000, 0x00000006f7800000|  0%| F|  |TAMS 0x00000006f7400000, 0x00000006f7400000| Untracked 
|  94|0x00000006f7800000, 0x00000006f7800000, 0x00000006f7c00000|  0%| F|  |TAMS 0x00000006f7800000, 0x00000006f7800000| Untracked 
|  95|0x00000006f7c00000, 0x00000006f7c00000, 0x00000006f8000000|  0%| F|  |TAMS 0x00000006f7c00000, 0x00000006f7c00000| Untracked 
|  96|0x00000006f8000000, 0x00000006f8000000, 0x00000006f8400000|  0%| F|  |TAMS 0x00000006f8000000, 0x00000006f8000000| Untracked 
|  97|0x00000006f8400000, 0x00000006f8400000, 0x00000006f8800000|  0%| F|  |TAMS 0x00000006f8400000, 0x00000006f8400000| Untracked 
|  98|0x00000006f8800000, 0x00000006f8800000, 0x00000006f8c00000|  0%| F|  |TAMS 0x00000006f8800000, 0x00000006f8800000| Untracked 
|  99|0x00000006f8c00000, 0x00000006f8c00000, 0x00000006f9000000|  0%| F|  |TAMS 0x00000006f8c00000, 0x00000006f8c00000| Untracked 
| 100|0x00000006f9000000, 0x00000006f9000000, 0x00000006f9400000|  0%| F|  |TAMS 0x00000006f9000000, 0x00000006f9000000| Untracked 
| 101|0x00000006f9400000, 0x00000006f9400000, 0x00000006f9800000|  0%| F|  |TAMS 0x00000006f9400000, 0x00000006f9400000| Untracked 
| 102|0x00000006f9800000, 0x00000006f9800000, 0x00000006f9c00000|  0%| F|  |TAMS 0x00000006f9800000, 0x00000006f9800000| Untracked 
| 103|0x00000006f9c00000, 0x00000006f9c00000, 0x00000006fa000000|  0%| F|  |TAMS 0x00000006f9c00000, 0x00000006f9c00000| Untracked 
| 104|0x00000006fa000000, 0x00000006fa000000, 0x00000006fa400000|  0%| F|  |TAMS 0x00000006fa000000, 0x00000006fa000000| Untracked 
| 105|0x00000006fa400000, 0x00000006fa400000, 0x00000006fa800000|  0%| F|  |TAMS 0x00000006fa400000, 0x00000006fa400000| Untracked 
| 106|0x00000006fa800000, 0x00000006fa800000, 0x00000006fac00000|  0%| F|  |TAMS 0x00000006fa800000, 0x00000006fa800000| Untracked 
| 107|0x00000006fac00000, 0x00000006fac00000, 0x00000006fb000000|  0%| F|  |TAMS 0x00000006fac00000, 0x00000006fac00000| Untracked 
| 108|0x00000006fb000000, 0x00000006fb000000, 0x00000006fb400000|  0%| F|  |TAMS 0x00000006fb000000, 0x00000006fb000000| Untracked 
| 109|0x00000006fb400000, 0x00000006fb400000, 0x00000006fb800000|  0%| F|  |TAMS 0x00000006fb400000, 0x00000006fb400000| Untracked 
| 110|0x00000006fb800000, 0x00000006fb800000, 0x00000006fbc00000|  0%| F|  |TAMS 0x00000006fb800000, 0x00000006fb800000| Untracked 
| 111|0x00000006fbc00000, 0x00000006fbc00000, 0x00000006fc000000|  0%| F|  |TAMS 0x00000006fbc00000, 0x00000006fbc00000| Untracked 
| 112|0x00000006fc000000, 0x00000006fc000000, 0x00000006fc400000|  0%| F|  |TAMS 0x00000006fc000000, 0x00000006fc000000| Untracked 
| 113|0x00000006fc400000, 0x00000006fc400000, 0x00000006fc800000|  0%| F|  |TAMS 0x00000006fc400000, 0x00000006fc400000| Untracked 
| 114|0x00000006fc800000, 0x00000006fc800000, 0x00000006fcc00000|  0%| F|  |TAMS 0x00000006fc800000, 0x00000006fc800000| Untracked 
| 115|0x00000006fcc00000, 0x00000006fcc00000, 0x00000006fd000000|  0%| F|  |TAMS 0x00000006fcc00000, 0x00000006fcc00000| Untracked 
| 116|0x00000006fd000000, 0x00000006fd000000, 0x00000006fd400000|  0%| F|  |TAMS 0x00000006fd000000, 0x00000006fd000000| Untracked 
| 117|0x00000006fd400000, 0x00000006fd400000, 0x00000006fd800000|  0%| F|  |TAMS 0x00000006fd400000, 0x00000006fd400000| Untracked 
| 118|0x00000006fd800000, 0x00000006fd800000, 0x00000006fdc00000|  0%| F|  |TAMS 0x00000006fd800000, 0x00000006fd800000| Untracked 
| 119|0x00000006fdc00000, 0x00000006fdc00000, 0x00000006fe000000|  0%| F|  |TAMS 0x00000006fdc00000, 0x00000006fdc00000| Untracked 
| 120|0x00000006fe000000, 0x00000006fe000000, 0x00000006fe400000|  0%| F|  |TAMS 0x00000006fe000000, 0x00000006fe000000| Untracked 
| 121|0x00000006fe400000, 0x00000006fe400000, 0x00000006fe800000|  0%| F|  |TAMS 0x00000006fe400000, 0x00000006fe400000| Untracked 
| 122|0x00000006fe800000, 0x00000006fe800000, 0x00000006fec00000|  0%| F|  |TAMS 0x00000006fe800000, 0x00000006fe800000| Untracked 
| 123|0x00000006fec00000, 0x00000006fec00000, 0x00000006ff000000|  0%| F|  |TAMS 0x00000006fec00000, 0x00000006fec00000| Untracked 
| 124|0x00000006ff000000, 0x00000006ff000000, 0x00000006ff400000|  0%| F|  |TAMS 0x00000006ff000000, 0x00000006ff000000| Untracked 
| 125|0x00000006ff400000, 0x00000006ff400000, 0x00000006ff800000|  0%| F|  |TAMS 0x00000006ff400000, 0x00000006ff400000| Untracked 
| 126|0x00000006ff800000, 0x00000006ff800000, 0x00000006ffc00000|  0%| F|  |TAMS 0x00000006ff800000, 0x00000006ff800000| Untracked 
| 127|0x00000006ffc00000, 0x00000006ffc00000, 0x0000000700000000|  0%| F|  |TAMS 0x00000006ffc00000, 0x00000006ffc00000| Untracked 
| 128|0x0000000700000000, 0x0000000700000000, 0x0000000700400000|  0%| F|  |TAMS 0x0000000700000000, 0x0000000700000000| Untracked 
| 129|0x0000000700400000, 0x0000000700400000, 0x0000000700800000|  0%| F|  |TAMS 0x0000000700400000, 0x0000000700400000| Untracked 
| 130|0x0000000700800000, 0x0000000700800000, 0x0000000700c00000|  0%| F|  |TAMS 0x0000000700800000, 0x0000000700800000| Untracked 
| 131|0x0000000700c00000, 0x0000000700c00000, 0x0000000701000000|  0%| F|  |TAMS 0x0000000700c00000, 0x0000000700c00000| Untracked 
| 132|0x0000000701000000, 0x0000000701000000, 0x0000000701400000|  0%| F|  |TAMS 0x0000000701000000, 0x0000000701000000| Untracked 
| 133|0x0000000701400000, 0x0000000701400000, 0x0000000701800000|  0%| F|  |TAMS 0x0000000701400000, 0x0000000701400000| Untracked 
| 134|0x0000000701800000, 0x0000000701800000, 0x0000000701c00000|  0%| F|  |TAMS 0x0000000701800000, 0x0000000701800000| Untracked 
| 135|0x0000000701c00000, 0x0000000701c00000, 0x0000000702000000|  0%| F|  |TAMS 0x0000000701c00000, 0x0000000701c00000| Untracked 
| 136|0x0000000702000000, 0x0000000702000000, 0x0000000702400000|  0%| F|  |TAMS 0x0000000702000000, 0x0000000702000000| Untracked 
| 137|0x0000000702400000, 0x0000000702400000, 0x0000000702800000|  0%| F|  |TAMS 0x0000000702400000, 0x0000000702400000| Untracked 
| 138|0x0000000702800000, 0x0000000702800000, 0x0000000702c00000|  0%| F|  |TAMS 0x0000000702800000, 0x0000000702800000| Untracked 
| 139|0x0000000702c00000, 0x0000000702c00000, 0x0000000703000000|  0%| F|  |TAMS 0x0000000702c00000, 0x0000000702c00000| Untracked 
| 140|0x0000000703000000, 0x0000000703000000, 0x0000000703400000|  0%| F|  |TAMS 0x0000000703000000, 0x0000000703000000| Untracked 
| 141|0x0000000703400000, 0x0000000703400000, 0x0000000703800000|  0%| F|  |TAMS 0x0000000703400000, 0x0000000703400000| Untracked 
| 142|0x0000000703800000, 0x0000000703800000, 0x0000000703c00000|  0%| F|  |TAMS 0x0000000703800000, 0x0000000703800000| Untracked 
| 143|0x0000000703c00000, 0x0000000703c00000, 0x0000000704000000|  0%| F|  |TAMS 0x0000000703c00000, 0x0000000703c00000| Untracked 
| 144|0x0000000704000000, 0x0000000704000000, 0x0000000704400000|  0%| F|  |TAMS 0x0000000704000000, 0x0000000704000000| Untracked 
| 145|0x0000000704400000, 0x0000000704400000, 0x0000000704800000|  0%| F|  |TAMS 0x0000000704400000, 0x0000000704400000| Untracked 
| 146|0x0000000704800000, 0x0000000704800000, 0x0000000704c00000|  0%| F|  |TAMS 0x0000000704800000, 0x0000000704800000| Untracked 
| 147|0x0000000704c00000, 0x0000000704c00000, 0x0000000705000000|  0%| F|  |TAMS 0x0000000704c00000, 0x0000000704c00000| Untracked 
| 148|0x0000000705000000, 0x0000000705000000, 0x0000000705400000|  0%| F|  |TAMS 0x0000000705000000, 0x0000000705000000| Untracked 
| 149|0x0000000705400000, 0x0000000705400000, 0x0000000705800000|  0%| F|  |TAMS 0x0000000705400000, 0x0000000705400000| Untracked 
| 150|0x0000000705800000, 0x0000000705800000, 0x0000000705c00000|  0%| F|  |TAMS 0x0000000705800000, 0x0000000705800000| Untracked 
| 151|0x0000000705c00000, 0x0000000705c00000, 0x0000000706000000|  0%| F|  |TAMS 0x0000000705c00000, 0x0000000705c00000| Untracked 
| 152|0x0000000706000000, 0x0000000706000000, 0x0000000706400000|  0%| F|  |TAMS 0x0000000706000000, 0x0000000706000000| Untracked 
| 153|0x0000000706400000, 0x0000000706400000, 0x0000000706800000|  0%| F|  |TAMS 0x0000000706400000, 0x0000000706400000| Untracked 
| 154|0x0000000706800000, 0x0000000706800000, 0x0000000706c00000|  0%| F|  |TAMS 0x0000000706800000, 0x0000000706800000| Untracked 
| 155|0x0000000706c00000, 0x0000000706c00000, 0x0000000707000000|  0%| F|  |TAMS 0x0000000706c00000, 0x0000000706c00000| Untracked 
| 156|0x0000000707000000, 0x0000000707000000, 0x0000000707400000|  0%| F|  |TAMS 0x0000000707000000, 0x0000000707000000| Untracked 
| 157|0x0000000707400000, 0x0000000707400000, 0x0000000707800000|  0%| F|  |TAMS 0x0000000707400000, 0x0000000707400000| Untracked 
| 158|0x0000000707800000, 0x0000000707800000, 0x0000000707c00000|  0%| F|  |TAMS 0x0000000707800000, 0x0000000707800000| Untracked 
| 159|0x0000000707c00000, 0x0000000707c00000, 0x0000000708000000|  0%| F|  |TAMS 0x0000000707c00000, 0x0000000707c00000| Untracked 
| 160|0x0000000708000000, 0x0000000708000000, 0x0000000708400000|  0%| F|  |TAMS 0x0000000708000000, 0x0000000708000000| Untracked 
| 161|0x0000000708400000, 0x0000000708400000, 0x0000000708800000|  0%| F|  |TAMS 0x0000000708400000, 0x0000000708400000| Untracked 
| 162|0x0000000708800000, 0x0000000708800000, 0x0000000708c00000|  0%| F|  |TAMS 0x0000000708800000, 0x0000000708800000| Untracked 
| 163|0x0000000708c00000, 0x0000000708c00000, 0x0000000709000000|  0%| F|  |TAMS 0x0000000708c00000, 0x0000000708c00000| Untracked 
| 164|0x0000000709000000, 0x0000000709000000, 0x0000000709400000|  0%| F|  |TAMS 0x0000000709000000, 0x0000000709000000| Untracked 
| 165|0x0000000709400000, 0x0000000709400000, 0x0000000709800000|  0%| F|  |TAMS 0x0000000709400000, 0x0000000709400000| Untracked 
| 166|0x0000000709800000, 0x0000000709800000, 0x0000000709c00000|  0%| F|  |TAMS 0x0000000709800000, 0x0000000709800000| Untracked 
| 167|0x0000000709c00000, 0x0000000709c00000, 0x000000070a000000|  0%| F|  |TAMS 0x0000000709c00000, 0x0000000709c00000| Untracked 
| 168|0x000000070a000000, 0x000000070a000000, 0x000000070a400000|  0%| F|  |TAMS 0x000000070a000000, 0x000000070a000000| Untracked 
| 169|0x000000070a400000, 0x000000070a400000, 0x000000070a800000|  0%| F|  |TAMS 0x000000070a400000, 0x000000070a400000| Untracked 
| 170|0x000000070a800000, 0x000000070a800000, 0x000000070ac00000|  0%| F|  |TAMS 0x000000070a800000, 0x000000070a800000| Untracked 
| 171|0x000000070ac00000, 0x000000070ac00000, 0x000000070b000000|  0%| F|  |TAMS 0x000000070ac00000, 0x000000070ac00000| Untracked 
| 172|0x000000070b000000, 0x000000070b000000, 0x000000070b400000|  0%| F|  |TAMS 0x000000070b000000, 0x000000070b000000| Untracked 
| 173|0x000000070b400000, 0x000000070b400000, 0x000000070b800000|  0%| F|  |TAMS 0x000000070b400000, 0x000000070b400000| Untracked 
| 174|0x000000070b800000, 0x000000070b800000, 0x000000070bc00000|  0%| F|  |TAMS 0x000000070b800000, 0x000000070b800000| Untracked 
| 175|0x000000070bc00000, 0x000000070bc00000, 0x000000070c000000|  0%| F|  |TAMS 0x000000070bc00000, 0x000000070bc00000| Untracked 
| 176|0x000000070c000000, 0x000000070c000000, 0x000000070c400000|  0%| F|  |TAMS 0x000000070c000000, 0x000000070c000000| Untracked 
| 177|0x000000070c400000, 0x000000070c400000, 0x000000070c800000|  0%| F|  |TAMS 0x000000070c400000, 0x000000070c400000| Untracked 
| 178|0x000000070c800000, 0x000000070c800000, 0x000000070cc00000|  0%| F|  |TAMS 0x000000070c800000, 0x000000070c800000| Untracked 
| 179|0x000000070cc00000, 0x000000070cc00000, 0x000000070d000000|  0%| F|  |TAMS 0x000000070cc00000, 0x000000070cc00000| Untracked 
| 180|0x000000070d000000, 0x000000070d000000, 0x000000070d400000|  0%| F|  |TAMS 0x000000070d000000, 0x000000070d000000| Untracked 
| 181|0x000000070d400000, 0x000000070d400000, 0x000000070d800000|  0%| F|  |TAMS 0x000000070d400000, 0x000000070d400000| Untracked 
| 182|0x000000070d800000, 0x000000070d800000, 0x000000070dc00000|  0%| F|  |TAMS 0x000000070d800000, 0x000000070d800000| Untracked 
| 183|0x000000070dc00000, 0x000000070dc00000, 0x000000070e000000|  0%| F|  |TAMS 0x000000070dc00000, 0x000000070dc00000| Untracked 
| 184|0x000000070e000000, 0x000000070e000000, 0x000000070e400000|  0%| F|  |TAMS 0x000000070e000000, 0x000000070e000000| Untracked 
| 185|0x000000070e400000, 0x000000070e400000, 0x000000070e800000|  0%| F|  |TAMS 0x000000070e400000, 0x000000070e400000| Untracked 
| 186|0x000000070e800000, 0x000000070e800000, 0x000000070ec00000|  0%| F|  |TAMS 0x000000070e800000, 0x000000070e800000| Untracked 
| 187|0x000000070ec00000, 0x000000070ec00000, 0x000000070f000000|  0%| F|  |TAMS 0x000000070ec00000, 0x000000070ec00000| Untracked 
| 188|0x000000070f000000, 0x000000070f000000, 0x000000070f400000|  0%| F|  |TAMS 0x000000070f000000, 0x000000070f000000| Untracked 
| 189|0x000000070f400000, 0x000000070f400000, 0x000000070f800000|  0%| F|  |TAMS 0x000000070f400000, 0x000000070f400000| Untracked 
| 190|0x000000070f800000, 0x000000070f800000, 0x000000070fc00000|  0%| F|  |TAMS 0x000000070f800000, 0x000000070f800000| Untracked 
| 191|0x000000070fc00000, 0x000000070fc00000, 0x0000000710000000|  0%| F|  |TAMS 0x000000070fc00000, 0x000000070fc00000| Untracked 
| 192|0x0000000710000000, 0x0000000710000000, 0x0000000710400000|  0%| F|  |TAMS 0x0000000710000000, 0x0000000710000000| Untracked 
| 193|0x0000000710400000, 0x0000000710400000, 0x0000000710800000|  0%| F|  |TAMS 0x0000000710400000, 0x0000000710400000| Untracked 
| 194|0x0000000710800000, 0x0000000710800000, 0x0000000710c00000|  0%| F|  |TAMS 0x0000000710800000, 0x0000000710800000| Untracked 
| 195|0x0000000710c00000, 0x0000000710c00000, 0x0000000711000000|  0%| F|  |TAMS 0x0000000710c00000, 0x0000000710c00000| Untracked 
| 196|0x0000000711000000, 0x00000007110d6350, 0x0000000711400000| 20%| S|CS|TAMS 0x0000000711000000, 0x0000000711000000| Complete 
| 197|0x0000000711400000, 0x0000000711400000, 0x0000000711800000|  0%| F|  |TAMS 0x0000000711400000, 0x0000000711400000| Untracked 
| 198|0x0000000711800000, 0x0000000711800000, 0x0000000711c00000|  0%| F|  |TAMS 0x0000000711800000, 0x0000000711800000| Untracked 
| 199|0x0000000711c00000, 0x0000000711c00000, 0x0000000712000000|  0%| F|  |TAMS 0x0000000711c00000, 0x0000000711c00000| Untracked 
| 200|0x0000000712000000, 0x0000000712000000, 0x0000000712400000|  0%| F|  |TAMS 0x0000000712000000, 0x0000000712000000| Untracked 
| 201|0x0000000712400000, 0x0000000712400000, 0x0000000712800000|  0%| F|  |TAMS 0x0000000712400000, 0x0000000712400000| Untracked 
| 202|0x0000000712800000, 0x0000000712800000, 0x0000000712c00000|  0%| F|  |TAMS 0x0000000712800000, 0x0000000712800000| Untracked 
| 203|0x0000000712c00000, 0x0000000712c00000, 0x0000000713000000|  0%| F|  |TAMS 0x0000000712c00000, 0x0000000712c00000| Untracked 
| 204|0x0000000713000000, 0x0000000713000000, 0x0000000713400000|  0%| F|  |TAMS 0x0000000713000000, 0x0000000713000000| Untracked 
| 205|0x0000000713400000, 0x0000000713400000, 0x0000000713800000|  0%| F|  |TAMS 0x0000000713400000, 0x0000000713400000| Untracked 
| 206|0x0000000713800000, 0x0000000713800000, 0x0000000713c00000|  0%| F|  |TAMS 0x0000000713800000, 0x0000000713800000| Untracked 
| 207|0x0000000713c00000, 0x0000000713c00000, 0x0000000714000000|  0%| F|  |TAMS 0x0000000713c00000, 0x0000000713c00000| Untracked 
| 208|0x0000000714000000, 0x0000000714000000, 0x0000000714400000|  0%| F|  |TAMS 0x0000000714000000, 0x0000000714000000| Untracked 
| 209|0x0000000714400000, 0x0000000714400000, 0x0000000714800000|  0%| F|  |TAMS 0x0000000714400000, 0x0000000714400000| Untracked 
| 210|0x0000000714800000, 0x0000000714800000, 0x0000000714c00000|  0%| F|  |TAMS 0x0000000714800000, 0x0000000714800000| Untracked 
| 211|0x0000000714c00000, 0x0000000714c00000, 0x0000000715000000|  0%| F|  |TAMS 0x0000000714c00000, 0x0000000714c00000| Untracked 
| 212|0x0000000715000000, 0x0000000715000000, 0x0000000715400000|  0%| F|  |TAMS 0x0000000715000000, 0x0000000715000000| Untracked 
| 213|0x0000000715400000, 0x0000000715400000, 0x0000000715800000|  0%| F|  |TAMS 0x0000000715400000, 0x0000000715400000| Untracked 
| 214|0x0000000715800000, 0x0000000715800000, 0x0000000715c00000|  0%| F|  |TAMS 0x0000000715800000, 0x0000000715800000| Untracked 
| 215|0x0000000715c00000, 0x0000000715c00000, 0x0000000716000000|  0%| F|  |TAMS 0x0000000715c00000, 0x0000000715c00000| Untracked 
| 216|0x0000000716000000, 0x0000000716000000, 0x0000000716400000|  0%| F|  |TAMS 0x0000000716000000, 0x0000000716000000| Untracked 
| 217|0x0000000716400000, 0x0000000716400000, 0x0000000716800000|  0%| F|  |TAMS 0x0000000716400000, 0x0000000716400000| Untracked 
| 218|0x0000000716800000, 0x0000000716800000, 0x0000000716c00000|  0%| F|  |TAMS 0x0000000716800000, 0x0000000716800000| Untracked 
| 219|0x0000000716c00000, 0x0000000716c00000, 0x0000000717000000|  0%| F|  |TAMS 0x0000000716c00000, 0x0000000716c00000| Untracked 
| 220|0x0000000717000000, 0x0000000717000000, 0x0000000717400000|  0%| F|  |TAMS 0x0000000717000000, 0x0000000717000000| Untracked 

Card table byte_map: [0x000001d3704e0000,0x000001d370de0000] _byte_map_base: 0x000001d36cde0000

Marking Bits (Prev, Next): (CMBitMap*) 0x000001d35d45bfd0, (CMBitMap*) 0x000001d35d45c010
 Prev Bits: [0x000001d3716e0000, 0x000001d375ee0000)
 Next Bits: [0x000001d375ee0000, 0x000001d37a6e0000)

Polling page: 0x000001d35b370000

Metaspace:

Usage:
  Non-class:    109.08 MB used.
      Class:     16.31 MB used.
       Both:    125.39 MB used.

Virtual space:
  Non-class space:      112.00 MB reserved,     109.56 MB ( 98%) committed,  14 nodes.
      Class space:        1.00 GB reserved,      16.75 MB (  2%) committed,  1 nodes.
             Both:        1.11 GB reserved,     126.31 MB ( 11%) committed. 

Chunk freelists:
   Non-Class:  2.41 MB
       Class:  3.10 MB
        Both:  5.51 MB

MaxMetaspaceSize: unlimited
CompressedClassSpaceSize: 1.00 GB
Initial GC threshold: 21.00 MB
Current GC threshold: 208.38 MB
CDS: off
MetaspaceReclaimPolicy: balanced
 - commit_granule_bytes: 65536.
 - commit_granule_words: 8192.
 - virtual_space_node_default_size: 1048576.
 - enlarge_chunks_in_place: 1.
 - new_chunks_are_fully_committed: 0.
 - uncommit_free_chunks: 1.
 - use_allocation_guard: 0.
 - handle_deallocations: 1.


Internal statistics:

num_allocs_failed_limit: 9.
num_arena_births: 1502.
num_arena_deaths: 26.
num_vsnodes_births: 15.
num_vsnodes_deaths: 0.
num_space_committed: 2021.
num_space_uncommitted: 0.
num_chunks_returned_to_freelist: 58.
num_chunks_taken_from_freelist: 6482.
num_chunk_merges: 13.
num_chunk_splits: 4136.
num_chunks_enlarged: 2626.
num_purges: 8.
num_inconsistent_stats: 0.

CodeHeap 'non-profiled nmethods': size=120000Kb used=16819Kb max_used=16819Kb free=103180Kb
 bounds [0x000001d368380000, 0x000001d3693f0000, 0x000001d36f8b0000]
CodeHeap 'profiled nmethods': size=120000Kb used=36822Kb max_used=36822Kb free=83178Kb
 bounds [0x000001d3608b0000, 0x000001d362cb0000, 0x000001d367de0000]
CodeHeap 'non-nmethods': size=5760Kb used=2495Kb max_used=2572Kb free=3264Kb
 bounds [0x000001d367de0000, 0x000001d368070000, 0x000001d368380000]
 total_blobs=19659 nmethods=18624 adapters=946
 compilation: enabled
              stopped_count=0, restarted_count=0
 full_count=0

Compilation events (20 events):
Event: 406.379 Thread 0x000001d37dc0f1c0 24058       3       com.sun.xml.bind.v2.runtime.XMLSerializer::endAttributes (95 bytes)
Event: 406.379 Thread 0x000001d37dc0f1c0 nmethod 24058 0x000001d362c9b990 code [0x000001d362c9bb80, 0x000001d362c9bff8]
Event: 406.379 Thread 0x000001d37dc0f1c0 24060   !   3       com.sun.xml.bind.marshaller.XMLWriter::startElement (226 bytes)
Event: 406.381 Thread 0x000001d37dc0f1c0 nmethod 24060 0x000001d362c9c210 code [0x000001d362c9c5e0, 0x000001d362c9e208]
Event: 406.381 Thread 0x000001d37dc0f1c0 24063       3       com.sun.xml.bind.v2.runtime.output.NamespaceContextImpl$Element::push (39 bytes)
Event: 406.381 Thread 0x000001d37dc0f1c0 nmethod 24063 0x000001d362c9ef10 code [0x000001d362c9f0e0, 0x000001d362c9f4c8]
Event: 406.381 Thread 0x000001d37dc0f1c0 24064       3       com.sun.xml.bind.v2.runtime.output.SAXOutput::beginStartTag (35 bytes)
Event: 406.381 Thread 0x000001d37dc0f1c0 nmethod 24064 0x000001d362c9f610 code [0x000001d362c9f7e0, 0x000001d362c9fb38]
Event: 406.382 Thread 0x000001d304e44840 nmethod 23996 0x000001d3693e9910 code [0x000001d3693e9b40, 0x000001d3693ebd98]
Event: 406.382 Thread 0x000001d304e44840 24000 %     4       java.util.Properties::saveConvert @ 43 (383 bytes)
Event: 406.384 Thread 0x000001d37dc0f1c0 24066   !   3       com.sun.xml.bind.marshaller.XMLWriter::endElement (71 bytes)
Event: 406.384 Thread 0x000001d37dc0f1c0 nmethod 24066 0x000001d362c9fd10 code [0x000001d362c9ff40, 0x000001d362ca0838]
Event: 406.384 Thread 0x000001d37dc0f1c0 24067       3       com.sun.xml.bind.v2.runtime.output.NamespaceContextImpl::access$602 (7 bytes)
Event: 406.385 Thread 0x000001d37dc0f1c0 nmethod 24067 0x000001d362ca0c90 code [0x000001d362ca0e20, 0x000001d362ca0f18]
Event: 406.387 Thread 0x000001d37dc0f1c0 24069   !   3       com.sun.xml.bind.v2.runtime.property.ArrayElementProperty::serializeListBody (249 bytes)
Event: 406.388 Thread 0x000001d37dc0f1c0 nmethod 24069 0x000001d362ca1010 code [0x000001d362ca1400, 0x000001d362ca3198]
Event: 406.388 Thread 0x000001d37dc0f1c0 24070   !   3       com.sun.xml.bind.v2.runtime.ClassBeanInfoImpl::serializeAttributes (149 bytes)
Event: 406.390 Thread 0x000001d37dc0f1c0 nmethod 24070 0x000001d362ca4010 code [0x000001d362ca4340, 0x000001d362ca5788]
Event: 406.390 Thread 0x000001d37dc0f1c0 24068       3       com.sun.xml.bind.v2.runtime.property.ArrayERProperty::serializeBody (88 bytes)
Event: 406.391 Thread 0x000001d37dc0f1c0 nmethod 24068 0x000001d362ca6310 code [0x000001d362ca65c0, 0x000001d362ca7168]

GC Heap History (20 events):
Event: 215.068 GC heap after
{Heap after GC invocations=101 (full 0):
 garbage-first heap   total 602112K, used 230633K [0x00000006e0000000, 0x0000000800000000)
  region size 4096K, 4 young (16384K), 4 survivors (16384K)
 Metaspace       used 114515K, committed 115392K, reserved 1155072K
  class space    used 15001K, committed 15424K, reserved 1048576K
}
Event: 377.980 GC heap before
{Heap before GC invocations=101 (full 0):
 garbage-first heap   total 602112K, used 496873K [0x00000006e0000000, 0x0000000800000000)
  region size 4096K, 69 young (282624K), 4 survivors (16384K)
 Metaspace       used 122435K, committed 123392K, reserved 1163264K
  class space    used 16026K, committed 16448K, reserved 1048576K
}
Event: 379.074 GC heap after
{Heap after GC invocations=102 (full 0):
 garbage-first heap   total 602112K, used 251569K [0x00000006e0000000, 0x0000000800000000)
  region size 4096K, 9 young (36864K), 9 survivors (36864K)
 Metaspace       used 122435K, committed 123392K, reserved 1163264K
  class space    used 16026K, committed 16448K, reserved 1048576K
}
Event: 379.267 GC heap before
{Heap before GC invocations=102 (full 0):
 garbage-first heap   total 602112K, used 255665K [0x00000006e0000000, 0x0000000800000000)
  region size 4096K, 10 young (40960K), 9 survivors (36864K)
 Metaspace       used 122448K, committed 123392K, reserved 1163264K
  class space    used 16026K, committed 16448K, reserved 1048576K
}
Event: 379.957 GC heap after
{Heap after GC invocations=103 (full 0):
 garbage-first heap   total 602112K, used 255212K [0x00000006e0000000, 0x0000000800000000)
  region size 4096K, 2 young (8192K), 2 survivors (8192K)
 Metaspace       used 122448K, committed 123392K, reserved 1163264K
  class space    used 16026K, committed 16448K, reserved 1048576K
}
Event: 380.850 GC heap before
{Heap before GC invocations=103 (full 0):
 garbage-first heap   total 602112K, used 275692K [0x00000006e0000000, 0x0000000800000000)
  region size 4096K, 7 young (28672K), 2 survivors (8192K)
 Metaspace       used 122454K, committed 123392K, reserved 1163264K
  class space    used 16027K, committed 16448K, reserved 1048576K
}
Event: 380.855 GC heap after
{Heap after GC invocations=104 (full 0):
 garbage-first heap   total 602112K, used 251320K [0x00000006e0000000, 0x0000000800000000)
  region size 4096K, 1 young (4096K), 1 survivors (4096K)
 Metaspace       used 122454K, committed 123392K, reserved 1163264K
  class space    used 16027K, committed 16448K, reserved 1048576K
}
Event: 394.648 GC heap before
{Heap before GC invocations=104 (full 0):
 garbage-first heap   total 602112K, used 345528K [0x00000006e0000000, 0x0000000800000000)
  region size 4096K, 24 young (98304K), 1 survivors (4096K)
 Metaspace       used 125436K, committed 126464K, reserved 1163264K
  class space    used 16369K, committed 16832K, reserved 1048576K
}
Event: 394.823 GC heap after
{Heap after GC invocations=105 (full 0):
 garbage-first heap   total 602112K, used 256790K [0x00000006e0000000, 0x0000000800000000)
  region size 4096K, 2 young (8192K), 2 survivors (8192K)
 Metaspace       used 125436K, committed 126464K, reserved 1163264K
  class space    used 16369K, committed 16832K, reserved 1048576K
}
Event: 402.257 GC heap before
{Heap before GC invocations=105 (full 0):
 garbage-first heap   total 602112K, used 293654K [0x00000006e0000000, 0x0000000800000000)
  region size 4096K, 12 young (49152K), 2 survivors (8192K)
 Metaspace       used 125511K, committed 126528K, reserved 1163264K
  class space    used 16370K, committed 16832K, reserved 1048576K
}
Event: 402.362 GC heap after
{Heap after GC invocations=106 (full 0):
 garbage-first heap   total 602112K, used 270646K [0x00000006e0000000, 0x0000000800000000)
  region size 4096K, 2 young (8192K), 2 survivors (8192K)
 Metaspace       used 125511K, committed 126528K, reserved 1163264K
  class space    used 16370K, committed 16832K, reserved 1048576K
}
Event: 402.796 GC heap before
{Heap before GC invocations=106 (full 0):
 garbage-first heap   total 602112K, used 291126K [0x00000006e0000000, 0x0000000800000000)
  region size 4096K, 7 young (28672K), 2 survivors (8192K)
 Metaspace       used 125518K, committed 126528K, reserved 1163264K
  class space    used 16370K, committed 16832K, reserved 1048576K
}
Event: 402.853 GC heap after
{Heap after GC invocations=107 (full 0):
 garbage-first heap   total 602112K, used 283025K [0x00000006e0000000, 0x0000000800000000)
  region size 4096K, 1 young (4096K), 1 survivors (4096K)
 Metaspace       used 125518K, committed 126528K, reserved 1163264K
  class space    used 16370K, committed 16832K, reserved 1048576K
}
Event: 404.154 GC heap before
{Heap before GC invocations=107 (full 0):
 garbage-first heap   total 602112K, used 307601K [0x00000006e0000000, 0x0000000800000000)
  region size 4096K, 7 young (28672K), 1 survivors (4096K)
 Metaspace       used 125815K, committed 126784K, reserved 1163264K
  class space    used 16398K, committed 16832K, reserved 1048576K
}
Event: 404.185 GC heap after
{Heap after GC invocations=108 (full 0):
 garbage-first heap   total 602112K, used 291301K [0x00000006e0000000, 0x0000000800000000)
  region size 4096K, 1 young (4096K), 1 survivors (4096K)
 Metaspace       used 125815K, committed 126784K, reserved 1163264K
  class space    used 16398K, committed 16832K, reserved 1048576K
}
Event: 404.950 GC heap before
{Heap before GC invocations=108 (full 0):
 garbage-first heap   total 602112K, used 319973K [0x00000006e0000000, 0x0000000800000000)
  region size 4096K, 9 young (36864K), 1 survivors (4096K)
 Metaspace       used 126075K, committed 127040K, reserved 1163264K
  class space    used 16417K, committed 16832K, reserved 1048576K
}
Event: 404.966 GC heap after
{Heap after GC invocations=109 (full 0):
 garbage-first heap   total 602112K, used 297106K [0x00000006e0000000, 0x0000000800000000)
  region size 4096K, 2 young (8192K), 2 survivors (8192K)
 Metaspace       used 126075K, committed 127040K, reserved 1163264K
  class space    used 16417K, committed 16832K, reserved 1048576K
}
Event: 405.961 GC heap before
{Heap before GC invocations=110 (full 0):
 garbage-first heap   total 602112K, used 321682K [0x00000006e0000000, 0x0000000800000000)
  region size 4096K, 8 young (32768K), 2 survivors (8192K)
 Metaspace       used 128174K, committed 129152K, reserved 1163264K
  class space    used 16688K, committed 17152K, reserved 1048576K
}
Event: 405.977 GC heap after
{Heap after GC invocations=111 (full 0):
 garbage-first heap   total 602112K, used 301006K [0x00000006e0000000, 0x0000000800000000)
  region size 4096K, 1 young (4096K), 1 survivors (4096K)
 Metaspace       used 128174K, committed 129152K, reserved 1163264K
  class space    used 16688K, committed 17152K, reserved 1048576K
}
Event: 406.394 GC heap before
{Heap before GC invocations=111 (full 0):
 garbage-first heap   total 602112K, used 321486K [0x00000006e0000000, 0x0000000800000000)
  region size 4096K, 7 young (28672K), 1 survivors (4096K)
 Metaspace       used 128399K, committed 129344K, reserved 1163264K
  class space    used 16702K, committed 17152K, reserved 1048576K
}

Dll operation events (2 events):
Event: 0.062 Loaded shared library C:\Program Files\Android\Android Studio1\jbr\bin\java.dll
Event: 0.578 Loaded shared library C:\Program Files\Android\Android Studio1\jbr\bin\verify.dll

Deoptimization events (20 events):
Event: 406.077 Thread 0x000001d307c5c910 Uncommon trap: trap_request=0xffffffde fr.pc=0x000001d36932fb1c relative=0x0000000000001e7c
Event: 406.077 Thread 0x000001d307c5c910 Uncommon trap: reason=class_check action=maybe_recompile pc=0x000001d36932fb1c method=org.apache.xerces.impl.XMLEntityScanner.load(IZ)Z @ 73 c2
Event: 406.077 Thread 0x000001d307c5c910 DEOPT PACKING pc=0x000001d36932fb1c sp=0x0000000d061f9fb0
Event: 406.077 Thread 0x000001d307c5c910 DEOPT UNPACKING pc=0x000001d367e369a3 sp=0x0000000d061f9ee0 mode 2
Event: 406.150 Thread 0x000001d307c5c910 Uncommon trap: trap_request=0xffffff45 fr.pc=0x000001d3693d910c relative=0x000000000000026c
Event: 406.150 Thread 0x000001d307c5c910 Uncommon trap: reason=unstable_if action=reinterpret pc=0x000001d3693d910c method=java.io.BufferedWriter.write(I)V @ 19 c2
Event: 406.150 Thread 0x000001d307c5c910 DEOPT PACKING pc=0x000001d3693d910c sp=0x0000000d061fa3c0
Event: 406.150 Thread 0x000001d307c5c910 DEOPT UNPACKING pc=0x000001d367e369a3 sp=0x0000000d061fa368 mode 2
Event: 406.392 Thread 0x000001d307c5c910 Uncommon trap: trap_request=0xffffff45 fr.pc=0x000001d369348ec4 relative=0x00000000000000a4
Event: 406.392 Thread 0x000001d307c5c910 Uncommon trap: reason=unstable_if action=reinterpret pc=0x000001d369348ec4 method=com.google.common.collect.AbstractMapBasedMultimap$WrappedCollection.refreshIfEmpty()V @ 45 c2
Event: 406.392 Thread 0x000001d307c5c910 DEOPT PACKING pc=0x000001d369348ec4 sp=0x0000000d061fa710
Event: 406.392 Thread 0x000001d307c5c910 DEOPT UNPACKING pc=0x000001d367e369a3 sp=0x0000000d061fa6a0 mode 2
Event: 406.392 Thread 0x000001d307c5c910 Uncommon trap: trap_request=0xffffff45 fr.pc=0x000001d369370734 relative=0x0000000000000114
Event: 406.392 Thread 0x000001d307c5c910 Uncommon trap: reason=unstable_if action=reinterpret pc=0x000001d369370734 method=com.google.common.collect.AbstractMapBasedMultimap$WrappedCollection.refreshIfEmpty()V @ 45 c2
Event: 406.392 Thread 0x000001d307c5c910 DEOPT PACKING pc=0x000001d369370734 sp=0x0000000d061fa780
Event: 406.392 Thread 0x000001d307c5c910 DEOPT UNPACKING pc=0x000001d367e369a3 sp=0x0000000d061fa668 mode 2
Event: 406.393 Thread 0x000001d307c5c910 Uncommon trap: trap_request=0xffffff45 fr.pc=0x000001d36934a4e8 relative=0x00000000000000c8
Event: 406.393 Thread 0x000001d307c5c910 Uncommon trap: reason=unstable_if action=reinterpret pc=0x000001d36934a4e8 method=com.google.common.collect.AbstractMapBasedMultimap$WrappedCollection.refreshIfEmpty()V @ 45 c2
Event: 406.393 Thread 0x000001d307c5c910 DEOPT PACKING pc=0x000001d36934a4e8 sp=0x0000000d061fa730
Event: 406.393 Thread 0x000001d307c5c910 DEOPT UNPACKING pc=0x000001d367e369a3 sp=0x0000000d061fa668 mode 2

Classes unloaded (20 events):
Event: 405.325 Thread 0x000001d37d0ae5e0 Unloading class 0x0000000800b1b040 '_BuildScript_$_run_closure1$_closure6'
Event: 405.325 Thread 0x000001d37d0ae5e0 Unloading class 0x0000000800b1ac30 '_BuildScript_$_run_closure1$_closure5$_closure8'
Event: 405.325 Thread 0x000001d37d0ae5e0 Unloading class 0x0000000800b1a820 '_BuildScript_$_run_closure1$_closure5'
Event: 405.325 Thread 0x000001d37d0ae5e0 Unloading class 0x0000000800b1a410 '_BuildScript_$_run_closure1$_closure4'
Event: 405.325 Thread 0x000001d37d0ae5e0 Unloading class 0x0000000800b1a000 '_BuildScript_$_run_closure1'
Event: 405.325 Thread 0x000001d37d0ae5e0 Unloading class 0x0000000800b19800 '_BuildScript_'
Event: 405.325 Thread 0x000001d37d0ae5e0 Unloading class 0x000000080092c560 '_BuildScript_$_run_closure1'
Event: 405.325 Thread 0x000001d37d0ae5e0 Unloading class 0x000000080092c000 '_BuildScript_'
Event: 405.325 Thread 0x000001d37d0ae5e0 Unloading class 0x000000080091d820 '_BuildScript_$_run_closure2'
Event: 405.325 Thread 0x000001d37d0ae5e0 Unloading class 0x000000080091d410 '_BuildScript_$_run_closure1$_closure3'
Event: 405.325 Thread 0x000001d37d0ae5e0 Unloading class 0x000000080091d000 '_BuildScript_$_run_closure1'
Event: 405.325 Thread 0x000001d37d0ae5e0 Unloading class 0x000000080091c800 '_BuildScript_'
Event: 405.325 Thread 0x000001d37d0ae5e0 Unloading class 0x00000008007ba000 '_BuildScript_$_run_closure2'
Event: 405.325 Thread 0x000001d37d0ae5e0 Unloading class 0x00000008007b9820 '_BuildScript_$_run_closure1$_closure4'
Event: 405.325 Thread 0x000001d37d0ae5e0 Unloading class 0x00000008007b9410 '_BuildScript_$_run_closure1$_closure3'
Event: 405.325 Thread 0x000001d37d0ae5e0 Unloading class 0x00000008007b9000 '_BuildScript_$_run_closure1'
Event: 405.325 Thread 0x000001d37d0ae5e0 Unloading class 0x00000008007b8800 '_BuildScript_'
Event: 405.325 Thread 0x000001d37d0ae5e0 Unloading class 0x000000080073d410 '_BuildScript_$_run_closure1$_closure2'
Event: 405.325 Thread 0x000001d37d0ae5e0 Unloading class 0x000000080073d000 '_BuildScript_$_run_closure1'
Event: 405.325 Thread 0x000001d37d0ae5e0 Unloading class 0x000000080073c800 '_BuildScript_'

Classes redefined (0 events):
No events

Internal exceptions (20 events):
Event: 371.511 Thread 0x000001d30671eb80 Exception <a 'java/lang/ClassNotFoundException'{0x00000006f6572470}: com/android/build/gradle/tasks/PackageApplicationCustomizer> (0x00000006f6572470) 
thrown [s\src\hotspot\share\classfile\systemDictionary.cpp, line 256]
Event: 371.519 Thread 0x000001d30671eb80 Exception <a 'java/lang/ClassNotFoundException'{0x00000006f659a7d0}: com/android/build/gradle/tasks/PackageApplication_DecoratedCustomizer> (0x00000006f659a7d0) 
thrown [s\src\hotspot\share\classfile\systemDictionary.cpp, line 256]
Event: 371.751 Thread 0x000001d30671eb80 Exception <a 'java/lang/ClassNotFoundException'{0x00000006f6668830}: com/android/build/gradle/internal/tasks/ListingFileRedirectTask_DecoratedBeanInfo> (0x00000006f6668830) 
thrown [s\src\hotspot\share\classfile\systemDictionary.cpp, line 256]
Event: 371.800 Thread 0x000001d30671eb80 Exception <a 'java/lang/ClassNotFoundException'{0x00000006f66742a0}: com/android/build/gradle/internal/tasks/ListingFileRedirectTaskBeanInfo> (0x00000006f66742a0) 
thrown [s\src\hotspot\share\classfile\systemDictionary.cpp, line 256]
Event: 371.862 Thread 0x000001d30671eb80 Exception <a 'java/lang/ClassNotFoundException'{0x00000006f667fa78}: com/android/build/gradle/internal/tasks/ListingFileRedirectTaskCustomizer> (0x00000006f667fa78) 
thrown [s\src\hotspot\share\classfile\systemDictionary.cpp, line 256]
Event: 371.871 Thread 0x000001d30671eb80 Exception <a 'java/lang/ClassNotFoundException'{0x00000006f669fa20}: com/android/build/gradle/internal/tasks/ListingFileRedirectTask_DecoratedCustomizer> (0x00000006f669fa20) 
thrown [s\src\hotspot\share\classfile\systemDictionary.cpp, line 256]
Event: 373.327 Thread 0x000001d307c607a0 Exception <a 'sun/nio/fs/WindowsException'{0x00000006f6116520}> (0x00000006f6116520) 
thrown [s\src\hotspot\share\prims\jni.cpp, line 517]
Event: 373.329 Thread 0x000001d307c607a0 Exception <a 'sun/nio/fs/WindowsException'{0x00000006f61173d8}> (0x00000006f61173d8) 
thrown [s\src\hotspot\share\prims\jni.cpp, line 517]
Event: 373.952 Thread 0x000001d37f76edf0 Implicit null exception at 0x000001d368fa4790 to 0x000001d368fa543c
Event: 373.960 Thread 0x000001d37f76edf0 Implicit null exception at 0x000001d368fa4790 to 0x000001d368fa543c
Event: 373.962 Thread 0x000001d37f76edf0 Implicit null exception at 0x000001d368fa4790 to 0x000001d368fa543c
Event: 373.962 Thread 0x000001d37f76edf0 Implicit null exception at 0x000001d368fa4790 to 0x000001d368fa543c
Event: 373.962 Thread 0x000001d306721ba0 Exception <a 'java/lang/NoSuchMethodError'{0x00000006f5e65db0}: static [Ljava/lang/Object;.<clinit>()V> (0x00000006f5e65db0) 
thrown [s\src\hotspot\share\prims\jni.cpp, line 1108]
Event: 374.017 Thread 0x000001d306721ba0 Exception <a 'java/lang/NoSuchMethodError'{0x00000006f5e74bb0}: static Lorg/gradle/internal/build/event/types/DefaultTaskSkippedResult;.<clinit>()V> (0x00000006f5e74bb0) 
thrown [s\src\hotspot\share\prims\jni.cpp, line 1108]
Event: 374.071 Thread 0x000001d307c5ac30 Exception <a 'java/lang/NoSuchMethodError'{0x00000006f5fa21e0}: static Lcom/android/ide/common/attribution/AndroidGradlePluginAttributionData$BuildInfo;.<clinit>()V> (0x00000006f5fa21e0) 
thrown [s\src\hotspot\share\prims\jni.cpp, line 1108]
Event: 374.077 Thread 0x000001d307c607a0 Exception <a 'java/lang/NoSuchMethodError'{0x00000006f5f87868}: 'int java.lang.invoke.DirectMethodHandle$Holder.invokeSpecial(java.lang.Object, java.lang.Object, java.lang.Object, java.lang.Object, java.lang.Object)'> (0x00000006f5f87868) 
thrown [s\src\hotspot\share\interpreter\linkResolver.cpp, line 771]
Event: 374.081 Thread 0x000001d307c5ac30 Exception <a 'java/lang/NoSuchMethodError'{0x00000006f5fb1ce8}: static Lcom/android/ide/common/attribution/AndroidGradlePluginAttributionData$JavaInfo;.<clinit>()V> (0x00000006f5fb1ce8) 
thrown [s\src\hotspot\share\prims\jni.cpp, line 1108]
Event: 374.090 Thread 0x000001d307c5ac30 Exception <a 'java/lang/NoSuchMethodError'{0x00000006f5fe1a10}: static [Ljava/lang/String;.<clinit>()V> (0x00000006f5fe1a10) 
thrown [s\src\hotspot\share\prims\jni.cpp, line 1108]
Event: 382.287 Thread 0x000001d307c5d2b0 Exception <a 'java/lang/NoSuchMethodError'{0x00000007120c3cd8}: 'void java.lang.invoke.DirectMethodHandle$Holder.invokeInterface(java.lang.Object, java.lang.Object, java.lang.Object, java.lang.Object)'> (0x00000007120c3cd8) 
thrown [s\src\hotspot\share\interpreter\linkResolver.cpp, line 771]
Event: 405.706 Thread 0x000001d307c5c910 Exception <a 'java/lang/NoSuchMethodError'{0x0000000712065e40}: 'java.lang.Object java.lang.invoke.Invokers$Holder.invoke_MT(java.lang.Object, java.lang.Object, java.lang.Object)'> (0x0000000712065e40) 
thrown [s\src\hotspot\share\interpreter\linkResolver.cpp, line 771]

VM Operations (20 events):
Event: 405.257 Executing VM operation: HandshakeAllThreads done
Event: 405.260 Executing VM operation: HandshakeAllThreads
Event: 405.260 Executing VM operation: HandshakeAllThreads done
Event: 405.264 Executing VM operation: HandshakeAllThreads
Event: 405.264 Executing VM operation: HandshakeAllThreads done
Event: 405.270 Executing VM operation: HandshakeAllThreads
Event: 405.271 Executing VM operation: HandshakeAllThreads done
Event: 405.323 Executing VM operation: G1Concurrent
Event: 405.571 Executing VM operation: G1Concurrent done
Event: 405.577 Executing VM operation: HandshakeAllThreads
Event: 405.608 Executing VM operation: HandshakeAllThreads done
Event: 405.610 Executing VM operation: HandshakeAllThreads
Event: 405.623 Executing VM operation: HandshakeAllThreads done
Event: 405.623 Executing VM operation: G1Concurrent
Event: 405.641 Executing VM operation: G1Concurrent done
Event: 405.645 Executing VM operation: HandshakeAllThreads
Event: 405.670 Executing VM operation: HandshakeAllThreads done
Event: 405.961 Executing VM operation: G1CollectForAllocation
Event: 405.977 Executing VM operation: G1CollectForAllocation done
Event: 406.394 Executing VM operation: G1CollectForAllocation

Events (20 events):
Event: 405.697 loading class java/nio/channels/FileChannel$MapMode
Event: 405.700 loading class java/nio/channels/FileChannel$MapMode done
Event: 405.700 loading class jdk/internal/misc/ExtendedMapMode
Event: 405.703 loading class jdk/internal/misc/ExtendedMapMode done
Event: 405.731 loading class sun/nio/ch/FileChannelImpl$DefaultUnmapper
Event: 405.733 loading class sun/nio/ch/FileChannelImpl$Unmapper
Event: 405.733 loading class jdk/internal/access/foreign/UnmapperProxy
Event: 405.736 loading class jdk/internal/access/foreign/UnmapperProxy done
Event: 405.736 loading class sun/nio/ch/FileChannelImpl$Unmapper done
Event: 405.737 loading class sun/nio/ch/FileChannelImpl$DefaultUnmapper done
Event: 405.737 loading class sun/nio/ch/Util$4
Event: 405.738 loading class sun/nio/ch/Util$4 done
Event: 405.917 Thread 0x000001d304e44840 Thread added: 0x000001d304e44840
Event: 405.917 Thread 0x000001d304e45c80 Thread added: 0x000001d304e45c80
Event: 406.335 loading class javax/xml/transform/stream/StreamResult
Event: 406.336 loading class javax/xml/transform/stream/StreamResult done
Event: 406.336 loading class javax/xml/transform/sax/SAXResult
Event: 406.336 loading class javax/xml/transform/sax/SAXResult done
Event: 406.336 loading class javax/xml/transform/dom/DOMResult
Event: 406.336 loading class javax/xml/transform/dom/DOMResult done


Dynamic libraries:
0x00007ff6fddd0000 - 0x00007ff6fddda000 	C:\Program Files\Android\Android Studio1\jbr\bin\java.exe
0x00007ffb56670000 - 0x00007ffb56884000 	C:\WINDOWS\SYSTEM32\ntdll.dll
0x00007ffb55860000 - 0x00007ffb55922000 	C:\WINDOWS\System32\KERNEL32.DLL
0x00007ffb53d50000 - 0x00007ffb540f3000 	C:\WINDOWS\System32\KERNELBASE.dll
0x00007ffb53c30000 - 0x00007ffb53d41000 	C:\WINDOWS\System32\ucrtbase.dll
0x00007ffb4a210000 - 0x00007ffb4a227000 	C:\Program Files\Android\Android Studio1\jbr\bin\jli.dll
0x00007ffb4a920000 - 0x00007ffb4a93b000 	C:\Program Files\Android\Android Studio1\jbr\bin\VCRUNTIME140.dll
0x00007ffb55300000 - 0x00007ffb554aa000 	C:\WINDOWS\System32\USER32.dll
0x00007ffb53ae0000 - 0x00007ffb53b06000 	C:\WINDOWS\System32\win32u.dll
0x00007ffb55260000 - 0x00007ffb55289000 	C:\WINDOWS\System32\GDI32.dll
0x00007ffb53b10000 - 0x00007ffb53c29000 	C:\WINDOWS\System32\gdi32full.dll
0x00007ffb543b0000 - 0x00007ffb5444a000 	C:\WINDOWS\System32\msvcp_win.dll
0x00007ffb3bf80000 - 0x00007ffb3c20e000 	C:\WINDOWS\WinSxS\amd64_microsoft.windows.common-controls_6595b64144ccf1df_6.0.22621.1635_none_270f70857386168e\COMCTL32.dll
0x00007ffb563e0000 - 0x00007ffb56487000 	C:\WINDOWS\System32\msvcrt.dll
0x00007ffb55290000 - 0x00007ffb552c1000 	C:\WINDOWS\System32\IMM32.DLL
0x00007ffb50e10000 - 0x00007ffb50e1c000 	C:\Program Files\Android\Android Studio1\jbr\bin\vcruntime140_1.dll
0x00007ffb3faf0000 - 0x00007ffb3fb7d000 	C:\Program Files\Android\Android Studio1\jbr\bin\msvcp140.dll
0x00007ffad6600000 - 0x00007ffad726d000 	C:\Program Files\Android\Android Studio1\jbr\bin\server\jvm.dll
0x00007ffb56490000 - 0x00007ffb5653e000 	C:\WINDOWS\System32\ADVAPI32.dll
0x00007ffb55a20000 - 0x00007ffb55ac4000 	C:\WINDOWS\System32\sechost.dll
0x00007ffb548f0000 - 0x00007ffb54a07000 	C:\WINDOWS\System32\RPCRT4.dll
0x00007ffb461e0000 - 0x00007ffb461e9000 	C:\WINDOWS\SYSTEM32\WSOCK32.dll
0x00007ffb4dc40000 - 0x00007ffb4dc74000 	C:\WINDOWS\SYSTEM32\WINMM.dll
0x00007ffb50420000 - 0x00007ffb5042a000 	C:\WINDOWS\SYSTEM32\VERSION.dll
0x00007ffb55c30000 - 0x00007ffb55ca1000 	C:\WINDOWS\System32\WS2_32.dll
0x00007ffb52ab0000 - 0x00007ffb52ac8000 	C:\WINDOWS\SYSTEM32\kernel.appcore.dll
0x00007ffb461a0000 - 0x00007ffb461aa000 	C:\Program Files\Android\Android Studio1\jbr\bin\jimage.dll
0x00007ffb51510000 - 0x00007ffb5173e000 	C:\WINDOWS\SYSTEM32\DBGHELP.DLL
0x00007ffb554b0000 - 0x00007ffb55839000 	C:\WINDOWS\System32\combase.dll
0x00007ffb55930000 - 0x00007ffb55a07000 	C:\WINDOWS\System32\OLEAUT32.dll
0x00007ffb4ab00000 - 0x00007ffb4ab32000 	C:\WINDOWS\SYSTEM32\dbgcore.DLL
0x00007ffb54270000 - 0x00007ffb542ea000 	C:\WINDOWS\System32\bcryptPrimitives.dll
0x00007ffb3bcc0000 - 0x00007ffb3bce5000 	C:\Program Files\Android\Android Studio1\jbr\bin\java.dll
0x00007ffb3d8f0000 - 0x00007ffb3d908000 	C:\Program Files\Android\Android Studio1\jbr\bin\zip.dll
0x00007ffb54a60000 - 0x00007ffb55259000 	C:\WINDOWS\System32\SHELL32.dll
0x00007ffb51a60000 - 0x00007ffb5232e000 	C:\WINDOWS\SYSTEM32\windows.storage.dll
0x00007ffb51920000 - 0x00007ffb51a5e000 	C:\WINDOWS\SYSTEM32\wintypes.dll
0x00007ffb55ad0000 - 0x00007ffb55bc1000 	C:\WINDOWS\System32\SHCORE.dll
0x00007ffb56010000 - 0x00007ffb5606e000 	C:\WINDOWS\System32\shlwapi.dll
0x00007ffb539a0000 - 0x00007ffb539c6000 	C:\WINDOWS\SYSTEM32\profapi.dll
0x00007ffb3d000000 - 0x00007ffb3d019000 	C:\Program Files\Android\Android Studio1\jbr\bin\net.dll
0x00007ffb49d80000 - 0x00007ffb49eb7000 	C:\WINDOWS\SYSTEM32\WINHTTP.dll
0x00007ffb52f30000 - 0x00007ffb52f99000 	C:\WINDOWS\system32\mswsock.dll
0x00007ffb3c9f0000 - 0x00007ffb3ca06000 	C:\Program Files\Android\Android Studio1\jbr\bin\nio.dll
0x00007ffb3fa70000 - 0x00007ffb3fa80000 	C:\Program Files\Android\Android Studio1\jbr\bin\verify.dll
0x00007ffb3d990000 - 0x00007ffb3d9b7000 	C:\Users\or656\.gradle\native\e1d6ef7f7dcc3fd88c89a11ec53ec762bb8ba0a96d01ffa2cd45eb1d1d8dd5c5\windows-amd64\native-platform.dll
0x00007ffb35e80000 - 0x00007ffb35fc4000 	C:\Users\or656\.gradle\native\0d407fdbe67a94daf76414ababcb853783967236a71b16ec16e742cd7a986fd3\windows-amd64\native-platform-file-events.dll
0x00007ffb40930000 - 0x00007ffb40939000 	C:\Program Files\Android\Android Studio1\jbr\bin\management.dll
0x00007ffb3faa0000 - 0x00007ffb3faab000 	C:\Program Files\Android\Android Studio1\jbr\bin\management_ext.dll
0x00007ffb548e0000 - 0x00007ffb548e8000 	C:\WINDOWS\System32\PSAPI.DLL
0x00007ffb53190000 - 0x00007ffb531ab000 	C:\WINDOWS\SYSTEM32\CRYPTSP.dll
0x00007ffb52a20000 - 0x00007ffb52a55000 	C:\WINDOWS\system32\rsaenh.dll
0x00007ffb53030000 - 0x00007ffb5305c000 	C:\WINDOWS\SYSTEM32\USERENV.dll
0x00007ffb53330000 - 0x00007ffb53358000 	C:\WINDOWS\SYSTEM32\bcrypt.dll
0x00007ffb531b0000 - 0x00007ffb531bc000 	C:\WINDOWS\SYSTEM32\CRYPTBASE.dll
0x00007ffb52590000 - 0x00007ffb525bd000 	C:\WINDOWS\SYSTEM32\IPHLPAPI.DLL
0x00007ffb552f0000 - 0x00007ffb552f9000 	C:\WINDOWS\System32\NSI.dll
0x00007ffb508f0000 - 0x00007ffb50909000 	C:\WINDOWS\SYSTEM32\dhcpcsvc6.DLL
0x00007ffb47110000 - 0x00007ffb4712f000 	C:\WINDOWS\SYSTEM32\dhcpcsvc.DLL
0x00007ffb52600000 - 0x00007ffb526f3000 	C:\WINDOWS\SYSTEM32\DNSAPI.dll
0x00007ffb3f6d0000 - 0x00007ffb3f6d8000 	C:\WINDOWS\system32\wshunix.dll
0x00007ffb44a30000 - 0x00007ffb44a3a000 	C:\Windows\System32\rasadhlp.dll
0x00007ffb462a0000 - 0x00007ffb46324000 	C:\WINDOWS\System32\fwpuclnt.dll

dbghelp: loaded successfully - version: 4.0.5 - missing functions: none
symbol engine: initialized successfully - sym options: 0x614 - pdb path: .;C:\Program Files\Android\Android Studio1\jbr\bin;C:\WINDOWS\SYSTEM32;C:\WINDOWS\WinSxS\amd64_microsoft.windows.common-controls_6595b64144ccf1df_6.0.22621.1635_none_270f70857386168e;C:\Program Files\Android\Android Studio1\jbr\bin\server;C:\Users\or656\.gradle\native\e1d6ef7f7dcc3fd88c89a11ec53ec762bb8ba0a96d01ffa2cd45eb1d1d8dd5c5\windows-amd64;C:\Users\or656\.gradle\native\0d407fdbe67a94daf76414ababcb853783967236a71b16ec16e742cd7a986fd3\windows-amd64

VM Arguments:
jvm_args: --add-opens=java.base/java.util=ALL-UNNAMED --add-opens=java.base/java.lang=ALL-UNNAMED --add-opens=java.base/java.lang.invoke=ALL-UNNAMED --add-opens=java.base/java.util=ALL-UNNAMED --add-opens=java.prefs/java.util.prefs=ALL-UNNAMED --add-opens=java.prefs/java.util.prefs=ALL-UNNAMED --add-opens=java.base/java.nio.charset=ALL-UNNAMED --add-opens=java.base/java.net=ALL-UNNAMED --add-opens=java.base/java.util.concurrent.atomic=ALL-UNNAMED -Xmx4608m -Dfile.encoding=windows-1255 -Duser.country=IL -Duser.language=he -Duser.variant 
java_command: org.gradle.launcher.daemon.bootstrap.GradleDaemon 7.5
java_class_path (initial): C:\Users\or656\.gradle\wrapper\dists\gradle-7.5-bin\f1w0cc9nuo0eivz97x2xlu9sv\gradle-7.5\lib\gradle-launcher-7.5.jar
Launcher Type: SUN_STANDARD

[Global flags]
     intx CICompilerCount                          = 4                                         {product} {ergonomic}
     uint ConcGCThreads                            = 2                                         {product} {ergonomic}
     uint G1ConcRefinementThreads                  = 8                                         {product} {ergonomic}
   size_t G1HeapRegionSize                         = 4194304                                   {product} {ergonomic}
    uintx GCDrainStackTargetSize                   = 64                                        {product} {ergonomic}
   size_t InitialHeapSize                          = 100663296                                 {product} {ergonomic}
   size_t MarkStackSize                            = 4194304                                   {product} {ergonomic}
   size_t MaxHeapSize                              = 4831838208                                {product} {command line}
   size_t MaxNewSize                               = 2898264064                                {product} {ergonomic}
   size_t MinHeapDeltaBytes                        = 4194304                                   {product} {ergonomic}
   size_t MinHeapSize                              = 8388608                                   {product} {ergonomic}
    uintx NonNMethodCodeHeapSize                   = 5839372                                {pd product} {ergonomic}
    uintx NonProfiledCodeHeapSize                  = 122909434                              {pd product} {ergonomic}
    uintx ProfiledCodeHeapSize                     = 122909434                              {pd product} {ergonomic}
    uintx ReservedCodeCacheSize                    = 251658240                              {pd product} {ergonomic}
     bool SegmentedCodeCache                       = true                                      {product} {ergonomic}
   size_t SoftMaxHeapSize                          = 4831838208                             {manageable} {ergonomic}
     bool UseCompressedClassPointers               = true                           {product lp64_product} {ergonomic}
     bool UseCompressedOops                        = true                           {product lp64_product} {ergonomic}
     bool UseG1GC                                  = true                                      {product} {ergonomic}
     bool UseLargePagesIndividualAllocation        = false                                  {pd product} {ergonomic}

Logging:
Log output configuration:
 #0: stdout all=warning uptime,level,tags
 #1: stderr all=off uptime,level,tags

Environment Variables:
PATH=C:\Program Files\Microsoft\jdk-11.0.16.101-hotspot\bin;C:\Program Files\Common Files\Oracle\Java\javapath;C:\Program Files (x86)\Common Files\Oracle\Java\javapath;C:\WINDOWS\system32;C:\WINDOWS;C:\WINDOWS\System32\Wbem;C:\WINDOWS\System32\WindowsPowerShell\v1.0\;C:\WINDOWS\System32\OpenSSH\;C:\Program Files (x86)\IncrediBuild;C:\Program Files\Microsoft SQL Server\150\Tools\Binn\;C:\Program Files\Microsoft SQL Server\Client SDK\ODBC\170\Tools\Binn\;C:\Program Files\dotnet\;C:\Program Files\nodejs\;C:\Program Files\Git\cmd;C:\Users\or656\AppData\Local\Android\Sdk\platform-tools;C:\Users\or656\AppData\Local\Android\Sdk\tools;C:\Users\or656\AppData\Local\Programs\Python\Python310\Scripts\;C:\Users\or656\AppData\Local\Programs\Python\Python310\;C:\Users\or656\AppData\Local\Microsoft\WindowsApps;C:\Users\or656\AppData\Local\Programs\Microsoft VS Code\bin;C:\Program Files\JetBrains\PyCharm Community Edition 2022.2.3\bin;;C:\Users\or656\.dotnet\tools;C:\Users\or656\AppData\Roaming\npm;C:\src\flutter\bin;
USERNAME=or656
OS=Windows_NT
PROCESSOR_IDENTIFIER=AMD64 Family 23 Model 104 Stepping 1, AuthenticAMD
TMP=C:\Users\or656\AppData\Local\Temp
TEMP=C:\Users\or656\AppData\Local\Temp



---------------  S Y S T E M  ---------------

OS:
 Windows 11 , 64 bit Build 22621 (10.0.22621.1928)
OS uptime: 4 days 5:23 hours

CPU: total 8 (initial active 8) (8 cores per cpu, 2 threads per core) family 23 model 104 stepping 1 microcode 0x0, cx8, cmov, fxsr, ht, mmx, 3dnowpref, sse, sse2, sse3, ssse3, sse4a, sse4.1, sse4.2, popcnt, lzcnt, tsc, tscinvbit, avx, avx2, aes, clmul, bmi1, bmi2, adx, sha, fma, vzeroupper, clflush, clflushopt

Memory: 4k page, system-wide physical 6005M (1009M free)
TotalPageFile size 24437M (AvailPageFile size 553M)
current process WorkingSet (physical memory assigned to process): 498M, peak: 786M
current process commit charge ("private bytes"): 1292M, peak: 1995M

vm_info: OpenJDK 64-Bit Server VM (17.0.6+0-b2043.56-9586694) for windows-amd64 JRE (17.0.6+0-b2043.56-9586694), built on Feb  9 2023 20:06:20 by "androidbuild" with MS VC++ 16.10 / 16.11 (VS2019)

END.
