#
# There is insufficient memory for the Java Runtime Environment to continue.
# Native memory allocation (mmap) failed to map 37748736 bytes for G1 virtual space
# Possible reasons:
#   The system is out of physical RAM or swap space
#   The process is running with CompressedOops enabled, and the Java Heap may be blocking the growth of the native heap
# Possible solutions:
#   Reduce memory load on the system
#   Increase physical memory or swap space
#   Check if swap backing store is full
#   Decrease Java heap size (-Xmx/-Xms)
#   Decrease number of Java threads
#   Decrease Java thread stack sizes (-Xss)
#   Set larger code cache with -XX:ReservedCodeCacheSize=
#   JVM is running with Zero Based Compressed Oops mode in which the Java heap is
#     placed in the first 32GB address space. The Java Heap base address is the
#     maximum limit for the native heap growth. Please use -XX:HeapBaseMinAddress
#     to set the Java Heap base and to place the Java Heap above 32GB virtual address.
# This output file may be truncated or incomplete.
#
#  Out of Memory Error (os_windows.cpp:3769), pid=18692, tid=15332
#
# JRE version: OpenJDK Runtime Environment (17.0.6) (build 17.0.6+0-b2043.56-9586694)
# Java VM: OpenJDK 64-Bit Server VM (17.0.6+0-b2043.56-9586694, mixed mode, tiered, compressed oops, compressed class ptrs, g1 gc, windows-amd64)
# No core dump will be written. Minidumps are not enabled by default on client versions of Windows
#

---------------  S U M M A R Y ------------

Command Line: --add-opens=java.base/java.util=ALL-UNNAMED --add-opens=java.base/java.lang=ALL-UNNAMED --add-opens=java.base/java.lang.invoke=ALL-UNNAMED --add-opens=java.prefs/java.util.prefs=ALL-UNNAMED --add-opens=java.base/java.nio.charset=ALL-UNNAMED --add-opens=java.base/java.net=ALL-UNNAMED --add-opens=java.base/java.util.concurrent.atomic=ALL-UNNAMED -Xmx4608m -Dfile.encoding=windows-1255 -Duser.country=IL -Duser.language=he -Duser.variant org.gradle.launcher.daemon.bootstrap.GradleDaemon 8.0

Host: AMD Ryzen 3 5300U with Radeon Graphics         , 8 cores, 5G,  Windows 11 , 64 bit Build 22621 (10.0.22621.1928)
Time: Sat Aug 19 09:59:13 2023  Windows 11 , 64 bit Build 22621 (10.0.22621.1928) elapsed time: 17.880320 seconds (0d 0h 0m 17s)

---------------  T H R E A D  ---------------

Current thread (0x000001f765feb170):  VMThread "VM Thread" [stack: 0x00000080f4500000,0x00000080f4600000] [id=15332]

Stack: [0x00000080f4500000,0x00000080f4600000]
Native frames: (J=compiled Java code, j=interpreted, Vv=VM code, C=native code)
V  [jvm.dll+0x683b4a]
V  [jvm.dll+0x842654]
V  [jvm.dll+0x843dfe]
V  [jvm.dll+0x844463]
V  [jvm.dll+0x249b75]
V  [jvm.dll+0x680a19]
V  [jvm.dll+0x674f0a]
V  [jvm.dll+0x309acb]
V  [jvm.dll+0x310f86]
V  [jvm.dll+0x3608ee]
V  [jvm.dll+0x360b1f]
V  [jvm.dll+0x2dfbf8]
V  [jvm.dll+0x2ddec4]
V  [jvm.dll+0x2dd4cc]
V  [jvm.dll+0x321f3b]
V  [jvm.dll+0x84893b]
V  [jvm.dll+0x849674]
V  [jvm.dll+0x849b8d]
V  [jvm.dll+0x849f64]
V  [jvm.dll+0x84a030]
V  [jvm.dll+0x7f25fa]
V  [jvm.dll+0x682985]
C  [ucrtbase.dll+0x29363]
C  [KERNEL32.DLL+0x126ad]
C  [ntdll.dll+0x5aa68]

VM_Operation (0x00000080f5cf6d80): G1CollectForAllocation, mode: safepoint, requested by thread 0x000001f76763d100


---------------  P R O C E S S  ---------------

Threads class SMR info:
_java_thread_list=0x000001f76ac722d0, length=39, elements={
0x000001f7462ca920, 0x000001f76600c260, 0x000001f76600eea0, 0x000001f7660251f0,
0x000001f766025ba0, 0x000001f766026550, 0x000001f76603b540, 0x000001f766c2a020,
0x000001f766c2a920, 0x000001f766c2b220, 0x000001f766da3050, 0x000001f766daa7e0,
0x000001f76908ac70, 0x000001f767a01040, 0x000001f767b2b090, 0x000001f76862b000,
0x000001f76862b4d0, 0x000001f767640120, 0x000001f76763d100, 0x000001f76763ede0,
0x000001f76763f2b0, 0x000001f76763f780, 0x000001f76763fc50, 0x000001f7676405f0,
0x000001f767640ac0, 0x000001f76763e440, 0x000001f76763d5d0, 0x000001f76763daa0,
0x000001f76763df70, 0x000001f769549d90, 0x000001f769548a50, 0x000001f769547240,
0x000001f76954a260, 0x000001f7695480b0, 0x000001f7695493f0, 0x000001f769545090,
0x000001f76954a730, 0x000001f769abc870, 0x000001f7695498c0
}

Java Threads: ( => current thread )
  0x000001f7462ca920 JavaThread "main" [_thread_blocked, id=3968, stack(0x00000080f3f00000,0x00000080f4000000)]
  0x000001f76600c260 JavaThread "Reference Handler" daemon [_thread_blocked, id=21920, stack(0x00000080f4600000,0x00000080f4700000)]
  0x000001f76600eea0 JavaThread "Finalizer" daemon [_thread_blocked, id=12168, stack(0x00000080f4700000,0x00000080f4800000)]
  0x000001f7660251f0 JavaThread "Signal Dispatcher" daemon [_thread_blocked, id=20984, stack(0x00000080f4800000,0x00000080f4900000)]
  0x000001f766025ba0 JavaThread "Attach Listener" daemon [_thread_blocked, id=2844, stack(0x00000080f4900000,0x00000080f4a00000)]
  0x000001f766026550 JavaThread "Service Thread" daemon [_thread_blocked, id=21968, stack(0x00000080f4a00000,0x00000080f4b00000)]
  0x000001f76603b540 JavaThread "Monitor Deflation Thread" daemon [_thread_blocked, id=23704, stack(0x00000080f4b00000,0x00000080f4c00000)]
  0x000001f766c2a020 JavaThread "C2 CompilerThread0" daemon [_thread_in_native, id=11636, stack(0x00000080f4c00000,0x00000080f4d00000)]
  0x000001f766c2a920 JavaThread "C1 CompilerThread0" daemon [_thread_blocked, id=6524, stack(0x00000080f4d00000,0x00000080f4e00000)]
  0x000001f766c2b220 JavaThread "Sweeper thread" daemon [_thread_blocked, id=11180, stack(0x00000080f4e00000,0x00000080f4f00000)]
  0x000001f766da3050 JavaThread "Common-Cleaner" daemon [_thread_blocked, id=18604, stack(0x00000080f4f00000,0x00000080f5000000)]
  0x000001f766daa7e0 JavaThread "Notification Thread" daemon [_thread_blocked, id=14372, stack(0x00000080f5000000,0x00000080f5100000)]
  0x000001f76908ac70 JavaThread "Daemon health stats" [_thread_blocked, id=8488, stack(0x00000080f5600000,0x00000080f5700000)]
  0x000001f767a01040 JavaThread "Incoming local TCP Connector on port 62520" [_thread_in_native, id=21488, stack(0x00000080f5700000,0x00000080f5800000)]
  0x000001f767b2b090 JavaThread "Daemon periodic checks" [_thread_blocked, id=14492, stack(0x00000080f5800000,0x00000080f5900000)]
  0x000001f76862b000 JavaThread "Daemon" [_thread_blocked, id=22612, stack(0x00000080f5900000,0x00000080f5a00000)]
  0x000001f76862b4d0 JavaThread "Handler for socket connection from /127.0.0.1:62520 to /127.0.0.1:62522" [_thread_in_native, id=12292, stack(0x00000080f5a00000,0x00000080f5b00000)]
  0x000001f767640120 JavaThread "Cancel handler" [_thread_blocked, id=14772, stack(0x00000080f5b00000,0x00000080f5c00000)]
  0x000001f76763d100 JavaThread "Daemon worker" [_thread_blocked, id=13712, stack(0x00000080f5c00000,0x00000080f5d00000)]
  0x000001f76763ede0 JavaThread "Asynchronous log dispatcher for DefaultDaemonConnection: socket connection from /127.0.0.1:62520 to /127.0.0.1:62522" [_thread_blocked, id=8856, stack(0x00000080f5d00000,0x00000080f5e00000)]
  0x000001f76763f2b0 JavaThread "Stdin handler" [_thread_blocked, id=23788, stack(0x00000080f5e00000,0x00000080f5f00000)]
  0x000001f76763f780 JavaThread "Daemon client event forwarder" [_thread_blocked, id=6448, stack(0x00000080f5f00000,0x00000080f6000000)]
  0x000001f76763fc50 JavaThread "Cache worker for journal cache (C:\Users\or656\.gradle\caches\journal-1)" [_thread_blocked, id=22116, stack(0x00000080f6400000,0x00000080f6500000)]
  0x000001f7676405f0 JavaThread "File lock request listener" [_thread_in_native, id=13052, stack(0x00000080f6500000,0x00000080f6600000)]
  0x000001f767640ac0 JavaThread "Cache worker for file hash cache (C:\Users\or656\.gradle\caches\8.0\fileHashes)" [_thread_blocked, id=23868, stack(0x00000080f6600000,0x00000080f6700000)]
  0x000001f76763e440 JavaThread "File watcher server" daemon [_thread_in_native, id=21924, stack(0x00000080f6700000,0x00000080f6800000)]
  0x000001f76763d5d0 JavaThread "File watcher consumer" daemon [_thread_blocked, id=12808, stack(0x00000080f6800000,0x00000080f6900000)]
  0x000001f76763daa0 JavaThread "jar transforms" [_thread_blocked, id=11864, stack(0x00000080f6900000,0x00000080f6a00000)]
  0x000001f76763df70 JavaThread "jar transforms Thread 2" [_thread_blocked, id=14608, stack(0x00000080f6a00000,0x00000080f6b00000)]
  0x000001f769549d90 JavaThread "jar transforms Thread 3" [_thread_blocked, id=2788, stack(0x00000080f6b00000,0x00000080f6c00000)]
  0x000001f769548a50 JavaThread "jar transforms Thread 4" [_thread_blocked, id=22616, stack(0x00000080f6c00000,0x00000080f6d00000)]
  0x000001f769547240 JavaThread "jar transforms Thread 5" [_thread_blocked, id=12052, stack(0x00000080f6d00000,0x00000080f6e00000)]
  0x000001f76954a260 JavaThread "jar transforms Thread 6" [_thread_blocked, id=21756, stack(0x00000080f6e00000,0x00000080f6f00000)]
  0x000001f7695480b0 JavaThread "jar transforms Thread 7" [_thread_blocked, id=5236, stack(0x00000080f6f00000,0x00000080f7000000)]
  0x000001f7695493f0 JavaThread "jar transforms Thread 8" [_thread_blocked, id=7644, stack(0x00000080f7000000,0x00000080f7100000)]
  0x000001f769545090 JavaThread "Cache worker for checksums cache (C:\Users\or656\AndroidStudioProjects\newTrivia2\.gradle\8.0\checksums)" [_thread_blocked, id=22384, stack(0x00000080f7100000,0x00000080f7200000)]
  0x000001f76954a730 JavaThread "Cache worker for cache directory md-rule (C:\Users\or656\.gradle\caches\8.0\md-rule)" [_thread_blocked, id=22900, stack(0x00000080f7200000,0x00000080f7300000)]
  0x000001f769abc870 JavaThread "C2 CompilerThread1" daemon [_thread_blocked, id=8800, stack(0x00000080f7300000,0x00000080f7400000)]
  0x000001f7695498c0 JavaThread "Cache worker for file content cache (C:\Users\or656\.gradle\caches\8.0\fileContent)" [_thread_blocked, id=13704, stack(0x00000080f7400000,0x00000080f7500000)]

Other Threads:
=>0x000001f765feb170 VMThread "VM Thread" [stack: 0x00000080f4500000,0x00000080f4600000] [id=15332]
  0x000001f74634c110 WatcherThread [stack: 0x00000080f5100000,0x00000080f5200000] [id=11284]
  0x000001f746339e20 GCTaskThread "GC Thread#0" [stack: 0x00000080f4000000,0x00000080f4100000] [id=3608]
  0x000001f76766b650 GCTaskThread "GC Thread#1" [stack: 0x00000080f5200000,0x00000080f5300000] [id=604]
  0x000001f767634b40 GCTaskThread "GC Thread#2" [stack: 0x00000080f5300000,0x00000080f5400000] [id=20620]
  0x000001f767634df0 GCTaskThread "GC Thread#3" [stack: 0x00000080f5400000,0x00000080f5500000] [id=11116]
  0x000001f767254230 GCTaskThread "GC Thread#4" [stack: 0x00000080f5500000,0x00000080f5600000] [id=22908]
  0x000001f768285e40 GCTaskThread "GC Thread#5" [stack: 0x00000080f6000000,0x00000080f6100000] [id=23048]
  0x000001f7682860f0 GCTaskThread "GC Thread#6" [stack: 0x00000080f6100000,0x00000080f6200000] [id=21544]
  0x000001f7691e5970 GCTaskThread "GC Thread#7" [stack: 0x00000080f6200000,0x00000080f6300000] [id=19928]
  0x000001f746343ec0 ConcurrentGCThread "G1 Main Marker" [stack: 0x00000080f4100000,0x00000080f4200000] [id=16012]
  0x000001f746345780 ConcurrentGCThread "G1 Conc#0" [stack: 0x00000080f4200000,0x00000080f4300000] [id=17632]
  0x000001f7682a62a0 ConcurrentGCThread "G1 Conc#1" [stack: 0x00000080f6300000,0x00000080f6400000] [id=10060]
  0x000001f74637d400 ConcurrentGCThread "G1 Refine#0" [stack: 0x00000080f4300000,0x00000080f4400000] [id=8652]
  0x000001f765e50090 ConcurrentGCThread "G1 Service" [stack: 0x00000080f4400000,0x00000080f4500000] [id=13912]

Threads with active compile tasks:
C2 CompilerThread0    17915 2876       4       java.lang.invoke.MethodType::makeImpl (109 bytes)

VM state: at safepoint (normal execution)

VM Mutex/Monitor currently owned by a thread:  ([mutex/lock_event])
[0x000001f7462c55b0] Threads_lock - owner thread: 0x000001f765feb170
[0x000001f7462c5ac0] Heap_lock - owner thread: 0x000001f76763d100

Heap address: 0x00000006e0000000, size: 4608 MB, Compressed Oops mode: Zero based, Oop shift amount: 3

CDS archive(s) not mapped
Compressed class space mapped at: 0x0000000800000000-0x0000000840000000, reserved size: 1073741824
Narrow klass base: 0x0000000800000000, Narrow klass shift: 0, Narrow klass range: 0x40000000

GC Precious Log:
 CPUs: 8 total, 8 available
 Memory: 6005M
 Large Page Support: Disabled
 NUMA Support: Disabled
 Compressed Oops: Enabled (Zero based)
 Heap Region Size: 4M
 Heap Min Capacity: 8M
 Heap Initial Capacity: 96M
 Heap Max Capacity: 4608M
 Pre-touch: Disabled
 Parallel Workers: 8
 Concurrent Workers: 2
 Concurrent Refinement Workers: 8
 Periodic GC: Disabled

Heap:
 garbage-first heap   total 110592K, used 60396K [0x00000006e0000000, 0x0000000800000000)
  region size 4096K, 1 young (4096K), 1 survivors (4096K)
 Metaspace       used 32058K, committed 32448K, reserved 1081344K
  class space    used 4416K, committed 4608K, reserved 1048576K

Heap Regions: E=young(eden), S=young(survivor), O=old, HS=humongous(starts), HC=humongous(continues), CS=collection set, F=free, OA=open archive, CA=closed archive, TAMS=top-at-mark-start (previous, next)
|   0|0x00000006e0000000, 0x00000006e0400000, 0x00000006e0400000|100%|HS|  |TAMS 0x00000006e0400000, 0x00000006e0400000| Complete 
|   1|0x00000006e0400000, 0x00000006e0800000, 0x00000006e0800000|100%| O|  |TAMS 0x00000006e0800000, 0x00000006e0800000| Untracked 
|   2|0x00000006e0800000, 0x00000006e0c00000, 0x00000006e0c00000|100%| O|  |TAMS 0x00000006e0c00000, 0x00000006e0c00000| Untracked 
|   3|0x00000006e0c00000, 0x00000006e1000000, 0x00000006e1000000|100%|HS|  |TAMS 0x00000006e1000000, 0x00000006e1000000| Complete 
|   4|0x00000006e1000000, 0x00000006e1400000, 0x00000006e1400000|100%| O|  |TAMS 0x00000006e1400000, 0x00000006e1400000| Untracked 
|   5|0x00000006e1400000, 0x00000006e1800000, 0x00000006e1800000|100%| O|  |TAMS 0x00000006e1800000, 0x00000006e1800000| Untracked 
|   6|0x00000006e1800000, 0x00000006e1c00000, 0x00000006e1c00000|100%|HS|  |TAMS 0x00000006e1c00000, 0x00000006e1c00000| Complete 
|   7|0x00000006e1c00000, 0x00000006e2000000, 0x00000006e2000000|100%|HC|  |TAMS 0x00000006e2000000, 0x00000006e2000000| Complete 
|   8|0x00000006e2000000, 0x00000006e2400000, 0x00000006e2400000|100%| O|  |TAMS 0x00000006e2377e00, 0x00000006e2400000| Untracked 
|   9|0x00000006e2400000, 0x00000006e2800000, 0x00000006e2800000|100%|HS|  |TAMS 0x00000006e2800000, 0x00000006e2800000| Complete 
|  10|0x00000006e2800000, 0x00000006e2c00000, 0x00000006e2c00000|100%|HC|  |TAMS 0x00000006e2c00000, 0x00000006e2c00000| Complete 
|  11|0x00000006e2c00000, 0x00000006e3000000, 0x00000006e3000000|100%|HC|  |TAMS 0x00000006e3000000, 0x00000006e3000000| Complete 
|  12|0x00000006e3000000, 0x00000006e3400000, 0x00000006e3400000|100%| O|  |TAMS 0x00000006e3000000, 0x00000006e3256400| Untracked 
|  13|0x00000006e3400000, 0x00000006e3800000, 0x00000006e3800000|100%|HS|  |TAMS 0x00000006e3400000, 0x00000006e3800000| Complete 
|  14|0x00000006e3800000, 0x00000006e391d800, 0x00000006e3c00000| 27%| O|  |TAMS 0x00000006e3800000, 0x00000006e3800000| Untracked 
|  15|0x00000006e3c00000, 0x00000006e3c00000, 0x00000006e4000000|  0%| F|  |TAMS 0x00000006e3c00000, 0x00000006e3c00000| Untracked 
|  16|0x00000006e4000000, 0x00000006e4000000, 0x00000006e4400000|  0%| F|  |TAMS 0x00000006e4000000, 0x00000006e4000000| Untracked 
|  17|0x00000006e4400000, 0x00000006e4400000, 0x00000006e4800000|  0%| F|  |TAMS 0x00000006e4400000, 0x00000006e4400000| Untracked 
|  18|0x00000006e4800000, 0x00000006e4800000, 0x00000006e4c00000|  0%| F|  |TAMS 0x00000006e4800000, 0x00000006e4800000| Untracked 
|  19|0x00000006e4c00000, 0x00000006e4c00000, 0x00000006e5000000|  0%| F|  |TAMS 0x00000006e4c00000, 0x00000006e4c00000| Untracked 
|  20|0x00000006e5000000, 0x00000006e5000000, 0x00000006e5400000|  0%| F|  |TAMS 0x00000006e5000000, 0x00000006e5000000| Untracked 
|  21|0x00000006e5400000, 0x00000006e55dda88, 0x00000006e5800000| 46%| S|CS|TAMS 0x00000006e5400000, 0x00000006e5400000| Complete 
|  22|0x00000006e5800000, 0x00000006e5800000, 0x00000006e5c00000|  0%| F|  |TAMS 0x00000006e5800000, 0x00000006e5800000| Untracked 
|  23|0x00000006e5c00000, 0x00000006e5c00000, 0x00000006e6000000|  0%| F|  |TAMS 0x00000006e5c00000, 0x00000006e5c00000| Untracked 
|  24|0x00000006e6000000, 0x00000006e6000000, 0x00000006e6400000|  0%| F|  |TAMS 0x00000006e6000000, 0x00000006e6000000| Untracked 
|  25|0x00000006e6400000, 0x00000006e6400000, 0x00000006e6800000|  0%| F|  |TAMS 0x00000006e6400000, 0x00000006e6400000| Untracked 
|  26|0x00000006e6800000, 0x00000006e6800000, 0x00000006e6c00000|  0%| F|  |TAMS 0x00000006e6800000, 0x00000006e6800000| Untracked 

Card table byte_map: [0x000001f7593c0000,0x000001f759cc0000] _byte_map_base: 0x000001f755cc0000

Marking Bits (Prev, Next): (CMBitMap*) 0x000001f74633a430, (CMBitMap*) 0x000001f74633a470
 Prev Bits: [0x000001f75a5c0000, 0x000001f75edc0000)
 Next Bits: [0x000001f75edc0000, 0x000001f7635c0000)

Polling page: 0x000001f744240000

Metaspace:

Usage:
  Non-class:     26.99 MB used.
      Class:      4.31 MB used.
       Both:     31.31 MB used.

Virtual space:
  Non-class space:       32.00 MB reserved,      27.19 MB ( 85%) committed,  4 nodes.
      Class space:        1.00 GB reserved,       4.50 MB ( <1%) committed,  1 nodes.
             Both:        1.03 GB reserved,      31.69 MB (  3%) committed. 

Chunk freelists:
   Non-Class:  752.00 KB
       Class:  3.48 MB
        Both:  4.22 MB

MaxMetaspaceSize: unlimited
CompressedClassSpaceSize: 1.00 GB
Initial GC threshold: 21.00 MB
Current GC threshold: 48.69 MB
CDS: off
MetaspaceReclaimPolicy: balanced
 - commit_granule_bytes: 65536.
 - commit_granule_words: 8192.
 - virtual_space_node_default_size: 1048576.
 - enlarge_chunks_in_place: 1.
 - new_chunks_are_fully_committed: 0.
 - uncommit_free_chunks: 1.
 - use_allocation_guard: 0.
 - handle_deallocations: 1.


Internal statistics:

num_allocs_failed_limit: 3.
num_arena_births: 344.
num_arena_deaths: 0.
num_vsnodes_births: 5.
num_vsnodes_deaths: 0.
num_space_committed: 507.
num_space_uncommitted: 0.
num_chunks_returned_to_freelist: 3.
num_chunks_taken_from_freelist: 1269.
num_chunk_merges: 3.
num_chunk_splits: 796.
num_chunks_enlarged: 526.
num_purges: 0.
num_inconsistent_stats: 0.

CodeHeap 'non-profiled nmethods': size=120000Kb used=1553Kb max_used=1553Kb free=118446Kb
 bounds [0x000001f751260000, 0x000001f7514d0000, 0x000001f758790000]
CodeHeap 'profiled nmethods': size=120000Kb used=6049Kb max_used=6049Kb free=113950Kb
 bounds [0x000001f749790000, 0x000001f749d80000, 0x000001f750cc0000]
CodeHeap 'non-nmethods': size=5760Kb used=1228Kb max_used=1274Kb free=4531Kb
 bounds [0x000001f750cc0000, 0x000001f750f30000, 0x000001f751260000]
 total_blobs=3462 nmethods=2926 adapters=448
 compilation: enabled
              stopped_count=0, restarted_count=0
 full_count=0

Compilation events (20 events):
Event: 17.858 Thread 0x000001f766c2a920 2926       3       org.objectweb.asm.SymbolTable::addTypeInternal (85 bytes)
Event: 17.859 Thread 0x000001f766c2a920 nmethod 2926 0x000001f749d73c10 code [0x000001f749d73de0, 0x000001f749d74458]
Event: 17.859 Thread 0x000001f766c2a920 2927       3       org.objectweb.asm.MethodWriter::visitFieldInsn (258 bytes)
Event: 17.859 Thread 0x000001f766c2a920 nmethod 2927 0x000001f749d74610 code [0x000001f749d74860, 0x000001f749d75468]
Event: 17.859 Thread 0x000001f766c2a920 2929       3       org.objectweb.asm.Type::getMethodDescriptor (66 bytes)
Event: 17.860 Thread 0x000001f766c2a920 nmethod 2929 0x000001f749d75890 code [0x000001f749d75ae0, 0x000001f749d76188]
Event: 17.860 Thread 0x000001f766c2a920 2930       3       org.objectweb.asm.MethodVisitor::visitMethodInsn (80 bytes)
Event: 17.860 Thread 0x000001f766c2a920 nmethod 2930 0x000001f749d76490 code [0x000001f749d76660, 0x000001f749d76b48]
Event: 17.860 Thread 0x000001f766c2a920 2931       3       org.objectweb.asm.ByteVector::put11 (52 bytes)
Event: 17.860 Thread 0x000001f766c2a920 nmethod 2931 0x000001f749d76c90 code [0x000001f749d76e40, 0x000001f749d77068]
Event: 17.860 Thread 0x000001f766c2a920 2928       3       org.objectweb.asm.SymbolTable::addConstantFieldref (10 bytes)
Event: 17.860 Thread 0x000001f766c2a920 nmethod 2928 0x000001f749d77190 code [0x000001f749d77320, 0x000001f749d77468]
Event: 17.860 Thread 0x000001f766c2a920 2933       3       org.objectweb.asm.Attribute::computeAttributesSize (62 bytes)
Event: 17.861 Thread 0x000001f766c2a920 nmethod 2933 0x000001f749d77510 code [0x000001f749d776e0, 0x000001f749d77a08]
Event: 17.861 Thread 0x000001f766c2a920 2932       3       org.objectweb.asm.Frame::getConcreteOutputType (111 bytes)
Event: 17.861 Thread 0x000001f766c2a920 nmethod 2932 0x000001f749d77b90 code [0x000001f749d77d40, 0x000001f749d78138]
Event: 17.864 Thread 0x000001f769abc870 2934       4       java.lang.ClassLoader::loadClass (7 bytes)
Event: 17.864 Thread 0x000001f769abc870 nmethod 2934 0x000001f7513e4310 code [0x000001f7513e4480, 0x000001f7513e4518]
Event: 17.872 Thread 0x000001f766c2a920 2935       3       org.gradle.internal.reflect.MutableClassDetails::instanceMethod (9 bytes)
Event: 17.872 Thread 0x000001f766c2a920 nmethod 2935 0x000001f749d78290 code [0x000001f749d78440, 0x000001f749d785a8]

GC Heap History (19 events):
Event: 1.978 GC heap before
{Heap before GC invocations=0 (full 0):
 garbage-first heap   total 98304K, used 24576K [0x00000006e0000000, 0x0000000800000000)
  region size 4096K, 5 young (20480K), 0 survivors (0K)
 Metaspace       used 10023K, committed 10176K, reserved 1064960K
  class space    used 1023K, committed 1088K, reserved 1048576K
}
Event: 2.107 GC heap after
{Heap after GC invocations=1 (full 0):
 garbage-first heap   total 98304K, used 9837K [0x00000006e0000000, 0x0000000800000000)
  region size 4096K, 1 young (4096K), 1 survivors (4096K)
 Metaspace       used 10023K, committed 10176K, reserved 1064960K
  class space    used 1023K, committed 1088K, reserved 1048576K
}
Event: 3.470 GC heap before
{Heap before GC invocations=1 (full 0):
 garbage-first heap   total 98304K, used 18029K [0x00000006e0000000, 0x0000000800000000)
  region size 4096K, 3 young (12288K), 1 survivors (4096K)
 Metaspace       used 11099K, committed 11200K, reserved 1064960K
  class space    used 1164K, committed 1216K, reserved 1048576K
}
Event: 3.474 GC heap after
{Heap after GC invocations=2 (full 0):
 garbage-first heap   total 98304K, used 10665K [0x00000006e0000000, 0x0000000800000000)
  region size 4096K, 1 young (4096K), 1 survivors (4096K)
 Metaspace       used 11099K, committed 11200K, reserved 1064960K
  class space    used 1164K, committed 1216K, reserved 1048576K
}
Event: 8.357 GC heap before
{Heap before GC invocations=2 (full 0):
 garbage-first heap   total 98304K, used 39337K [0x00000006e0000000, 0x0000000800000000)
  region size 4096K, 9 young (36864K), 1 survivors (4096K)
 Metaspace       used 11578K, committed 11776K, reserved 1064960K
  class space    used 1253K, committed 1344K, reserved 1048576K
}
Event: 8.362 GC heap after
{Heap after GC invocations=3 (full 0):
 garbage-first heap   total 98304K, used 14738K [0x00000006e0000000, 0x0000000800000000)
  region size 4096K, 2 young (8192K), 2 survivors (8192K)
 Metaspace       used 11578K, committed 11776K, reserved 1064960K
  class space    used 1253K, committed 1344K, reserved 1048576K
}
Event: 12.820 GC heap before
{Heap before GC invocations=3 (full 0):
 garbage-first heap   total 98304K, used 39314K [0x00000006e0000000, 0x0000000800000000)
  region size 4096K, 10 young (40960K), 2 survivors (8192K)
 Metaspace       used 21246K, committed 21504K, reserved 1073152K
  class space    used 2564K, committed 2688K, reserved 1048576K
}
Event: 12.825 GC heap after
{Heap after GC invocations=4 (full 0):
 garbage-first heap   total 98304K, used 18191K [0x00000006e0000000, 0x0000000800000000)
  region size 4096K, 1 young (4096K), 1 survivors (4096K)
 Metaspace       used 21246K, committed 21504K, reserved 1073152K
  class space    used 2564K, committed 2688K, reserved 1048576K
}
Event: 14.804 GC heap before
{Heap before GC invocations=5 (full 0):
 garbage-first heap   total 81920K, used 63247K [0x00000006e0000000, 0x0000000800000000)
  region size 4096K, 12 young (49152K), 1 survivors (4096K)
 Metaspace       used 28305K, committed 28672K, reserved 1081344K
  class space    used 3795K, committed 3968K, reserved 1048576K
}
Event: 14.808 GC heap after
{Heap after GC invocations=6 (full 0):
 garbage-first heap   total 81920K, used 21034K [0x00000006e0000000, 0x0000000800000000)
  region size 4096K, 2 young (8192K), 2 survivors (8192K)
 Metaspace       used 28305K, committed 28672K, reserved 1081344K
  class space    used 3795K, committed 3968K, reserved 1048576K
}
Event: 15.783 GC heap before
{Heap before GC invocations=6 (full 0):
 garbage-first heap   total 81920K, used 25130K [0x00000006e0000000, 0x0000000800000000)
  region size 4096K, 3 young (12288K), 2 survivors (8192K)
 Metaspace       used 29169K, committed 29504K, reserved 1081344K
  class space    used 3949K, committed 4096K, reserved 1048576K
}
Event: 15.787 GC heap after
{Heap after GC invocations=7 (full 0):
 garbage-first heap   total 81920K, used 21603K [0x00000006e0000000, 0x0000000800000000)
  region size 4096K, 1 young (4096K), 1 survivors (4096K)
 Metaspace       used 29169K, committed 29504K, reserved 1081344K
  class space    used 3949K, committed 4096K, reserved 1048576K
}
Event: 17.487 GC heap before
{Heap before GC invocations=7 (full 0):
 garbage-first heap   total 81920K, used 37987K [0x00000006e0000000, 0x0000000800000000)
  region size 4096K, 4 young (16384K), 1 survivors (4096K)
 Metaspace       used 29521K, committed 29888K, reserved 1081344K
  class space    used 3994K, committed 4160K, reserved 1048576K
}
Event: 17.489 GC heap after
{Heap after GC invocations=8 (full 0):
 garbage-first heap   total 81920K, used 40415K [0x00000006e0000000, 0x0000000800000000)
  region size 4096K, 1 young (4096K), 1 survivors (4096K)
 Metaspace       used 29521K, committed 29888K, reserved 1081344K
  class space    used 3994K, committed 4160K, reserved 1048576K
}
Event: 17.526 GC heap before
{Heap before GC invocations=8 (full 0):
 garbage-first heap   total 81920K, used 52703K [0x00000006e0000000, 0x0000000800000000)
  region size 4096K, 2 young (8192K), 1 survivors (4096K)
 Metaspace       used 29526K, committed 29888K, reserved 1081344K
  class space    used 3994K, committed 4160K, reserved 1048576K
}
Event: 17.528 GC heap after
{Heap after GC invocations=9 (full 0):
 garbage-first heap   total 81920K, used 53521K [0x00000006e0000000, 0x0000000800000000)
  region size 4096K, 1 young (4096K), 1 survivors (4096K)
 Metaspace       used 29526K, committed 29888K, reserved 1081344K
  class space    used 3994K, committed 4160K, reserved 1048576K
}
Event: 17.620 GC heap before
{Heap before GC invocations=10 (full 0):
 garbage-first heap   total 110592K, used 61713K [0x00000006e0000000, 0x0000000800000000)
  region size 4096K, 2 young (8192K), 1 survivors (4096K)
 Metaspace       used 29852K, committed 30208K, reserved 1081344K
  class space    used 4061K, committed 4224K, reserved 1048576K
}
Event: 17.622 GC heap after
{Heap after GC invocations=11 (full 0):
 garbage-first heap   total 110592K, used 58823K [0x00000006e0000000, 0x0000000800000000)
  region size 4096K, 1 young (4096K), 1 survivors (4096K)
 Metaspace       used 29852K, committed 30208K, reserved 1081344K
  class space    used 4061K, committed 4224K, reserved 1048576K
}
Event: 17.872 GC heap before
{Heap before GC invocations=11 (full 0):
 garbage-first heap   total 110592K, used 75207K [0x00000006e0000000, 0x0000000800000000)
  region size 4096K, 5 young (20480K), 1 survivors (4096K)
 Metaspace       used 32058K, committed 32448K, reserved 1081344K
  class space    used 4416K, committed 4608K, reserved 1048576K
}

Dll operation events (2 events):
Event: 0.050 Loaded shared library C:\Program Files\Android\Android Studio1\jbr\bin\java.dll
Event: 0.686 Loaded shared library C:\Program Files\Android\Android Studio1\jbr\bin\verify.dll

Deoptimization events (20 events):
Event: 17.395 Thread 0x000001f76763d100 Uncommon trap: trap_request=0xffffffc6 fr.pc=0x000001f751367be0 relative=0x0000000000004b40
Event: 17.395 Thread 0x000001f76763d100 Uncommon trap: reason=bimorphic_or_optimized_type_check action=maybe_recompile pc=0x000001f751367be0 method=java.lang.ClassLoader.loadClass(Ljava/lang/String;Z)Ljava/lang/Class; @ 38 c2
Event: 17.395 Thread 0x000001f76763d100 DEOPT PACKING pc=0x000001f751367be0 sp=0x00000080f5cfb5b0
Event: 17.395 Thread 0x000001f76763d100 DEOPT UNPACKING pc=0x000001f750d169a3 sp=0x00000080f5cfb5e0 mode 2
Event: 17.397 Thread 0x000001f76763d100 Uncommon trap: trap_request=0xffffff45 fr.pc=0x000001f75138cc4c relative=0x00000000000060ec
Event: 17.397 Thread 0x000001f76763d100 Uncommon trap: reason=unstable_if action=reinterpret pc=0x000001f75138cc4c method=java.net.URLClassLoader.getAndVerifyPackage(Ljava/lang/String;Ljava/util/jar/Manifest;Ljava/net/URL;)Ljava/lang/Package; @ 62 c2
Event: 17.397 Thread 0x000001f76763d100 DEOPT PACKING pc=0x000001f75138cc4c sp=0x00000080f5cfb8b0
Event: 17.397 Thread 0x000001f76763d100 DEOPT UNPACKING pc=0x000001f750d169a3 sp=0x00000080f5cfb628 mode 2
Event: 17.399 Thread 0x000001f76763d100 Uncommon trap: trap_request=0xffffff45 fr.pc=0x000001f75139f1ec relative=0x0000000000005b2c
Event: 17.399 Thread 0x000001f76763d100 Uncommon trap: reason=unstable_if action=reinterpret pc=0x000001f75139f1ec method=java.net.URLClassLoader.getAndVerifyPackage(Ljava/lang/String;Ljava/util/jar/Manifest;Ljava/net/URL;)Ljava/lang/Package; @ 62 c2
Event: 17.399 Thread 0x000001f76763d100 DEOPT PACKING pc=0x000001f75139f1ec sp=0x00000080f5cfb160
Event: 17.399 Thread 0x000001f76763d100 DEOPT UNPACKING pc=0x000001f750d169a3 sp=0x00000080f5cfb010 mode 2
Event: 17.481 Thread 0x000001f76763d100 DEOPT PACKING pc=0x000001f74984ed3d sp=0x00000080f5cf9a30
Event: 17.481 Thread 0x000001f76763d100 DEOPT UNPACKING pc=0x000001f750d17143 sp=0x00000080f5cf8ec8 mode 0
Event: 17.580 Thread 0x000001f76763d100 DEOPT PACKING pc=0x000001f74983f8db sp=0x00000080f5cf8930
Event: 17.580 Thread 0x000001f76763d100 DEOPT UNPACKING pc=0x000001f750d17143 sp=0x00000080f5cf7e50 mode 0
Event: 17.668 Thread 0x000001f76763d100 Uncommon trap: trap_request=0xffffffc6 fr.pc=0x000001f7512cc54c relative=0x0000000000000dac
Event: 17.668 Thread 0x000001f76763d100 Uncommon trap: reason=bimorphic_or_optimized_type_check action=maybe_recompile pc=0x000001f7512cc54c method=java.util.Properties$LineReader.readLine()I @ 479 c2
Event: 17.668 Thread 0x000001f76763d100 DEOPT PACKING pc=0x000001f7512cc54c sp=0x00000080f5cfa670
Event: 17.668 Thread 0x000001f76763d100 DEOPT UNPACKING pc=0x000001f750d169a3 sp=0x00000080f5cfa610 mode 2

Classes unloaded (0 events):
No events

Classes redefined (0 events):
No events

Internal exceptions (20 events):
Event: 17.588 Thread 0x000001f76763d100 Exception <a 'java/lang/NoSuchMethodError'{0x00000006e5e5b730}: static Lorg/jetbrains/plugins/gradle/model/BuildScriptClasspathModel;.<clinit>()V> (0x00000006e5e5b730) 
thrown [s\src\hotspot\share\prims\jni.cpp, line 1108]
Event: 17.589 Thread 0x000001f76763d100 Exception <a 'java/lang/NoSuchMethodError'{0x00000006e5e66770}: static Lorg/jetbrains/plugins/gradle/model/GradleExtensions;.<clinit>()V> (0x00000006e5e66770) 
thrown [s\src\hotspot\share\prims\jni.cpp, line 1108]
Event: 17.590 Thread 0x000001f76763d100 Exception <a 'java/lang/NoSuchMethodError'{0x00000006e5e716e0}: static Lorg/jetbrains/plugins/gradle/model/tests/ExternalTestsModel;.<clinit>()V> (0x00000006e5e716e0) 
thrown [s\src\hotspot\share\prims\jni.cpp, line 1108]
Event: 17.591 Thread 0x000001f76763d100 Exception <a 'java/lang/NoSuchMethodError'{0x00000006e5e7e268}: static Lorg/jetbrains/plugins/gradle/model/IntelliJProjectSettings;.<clinit>()V> (0x00000006e5e7e268) 
thrown [s\src\hotspot\share\prims\jni.cpp, line 1108]
Event: 17.592 Thread 0x000001f76763d100 Exception <a 'java/lang/NoSuchMethodError'{0x00000006e5e85ca0}: static Lorg/jetbrains/plugins/gradle/model/IntelliJSettings;.<clinit>()V> (0x00000006e5e85ca0) 
thrown [s\src\hotspot\share\prims\jni.cpp, line 1108]
Event: 17.592 Thread 0x000001f76763d100 Exception <a 'java/lang/NoSuchMethodError'{0x00000006e5e901a0}: static Lorg/jetbrains/plugins/gradle/model/DependencyAccessorsModel;.<clinit>()V> (0x00000006e5e901a0) 
thrown [s\src\hotspot\share\prims\jni.cpp, line 1108]
Event: 17.594 Thread 0x000001f76763d100 Exception <a 'java/lang/NoSuchMethodError'{0x00000006e5e9dd28}: static Lorg/jetbrains/kotlin/idea/gradleTooling/PrepareKotlinIdeImportTaskModel;.<clinit>()V> (0x00000006e5e9dd28) 
thrown [s\src\hotspot\share\prims\jni.cpp, line 1108]
Event: 17.595 Thread 0x000001f76763d100 Exception <a 'java/lang/NoSuchMethodError'{0x00000006e5eada40}: static Lorg/jetbrains/plugins/gradle/model/ExternalProjectDependency;.<clinit>()V> (0x00000006e5eada40) 
thrown [s\src\hotspot\share\prims\jni.cpp, line 1108]
Event: 17.596 Thread 0x000001f76763d100 Exception <a 'java/lang/NoSuchMethodError'{0x00000006e5eb7678}: static Lorg/jetbrains/plugins/gradle/model/FileCollectionDependency;.<clinit>()V> (0x00000006e5eb7678) 
thrown [s\src\hotspot\share\prims\jni.cpp, line 1108]
Event: 17.597 Thread 0x000001f76763d100 Exception <a 'java/lang/NoSuchMethodError'{0x00000006e5ec23f8}: static Lorg/jetbrains/plugins/gradle/model/UnresolvedExternalDependency;.<clinit>()V> (0x00000006e5ec23f8) 
thrown [s\src\hotspot\share\prims\jni.cpp, line 1108]
Event: 17.598 Thread 0x000001f76763d100 Exception <a 'java/lang/NoSuchMethodError'{0x00000006e5ecb850}: static Lorg/jetbrains/plugins/gradle/model/ExternalLibraryDependency;.<clinit>()V> (0x00000006e5ecb850) 
thrown [s\src\hotspot\share\prims\jni.cpp, line 1108]
Event: 17.605 Thread 0x000001f76763d100 Exception <a 'java/lang/NoSuchMethodError'{0x00000006e5f61c58}: static Lorg/gradle/tooling/internal/consumer/versioning/VersionDetails;.<clinit>()V> (0x00000006e5f61c58) 
thrown [s\src\hotspot\share\prims\jni.cpp, line 1108]
Event: 17.605 Thread 0x000001f76763d100 Exception <a 'java/lang/NoSuchMethodError'{0x00000006e5f64600}: static Lorg/gradle/tooling/internal/consumer/versioning/VersionDetails$R26VersionDetails;.<clinit>()V> (0x00000006e5f64600) 
thrown [s\src\hotspot\share\prims\jni.cpp, line 1108]
Event: 17.605 Thread 0x000001f76763d100 Exception <a 'java/lang/NoSuchMethodError'{0x00000006e5f65b78}: static Lorg/gradle/tooling/internal/consumer/versioning/VersionDetails$R28VersionDetails;.<clinit>()V> (0x00000006e5f65b78) 
thrown [s\src\hotspot\share\prims\jni.cpp, line 1108]
Event: 17.606 Thread 0x000001f76763d100 Exception <a 'java/lang/NoSuchMethodError'{0x00000006e5f67300}: static Lorg/gradle/tooling/internal/consumer/versioning/VersionDetails$R35VersionDetails;.<clinit>()V> (0x00000006e5f67300) 
thrown [s\src\hotspot\share\prims\jni.cpp, line 1108]
Event: 17.606 Thread 0x000001f76763d100 Exception <a 'java/lang/NoSuchMethodError'{0x00000006e5f689d0}: static Lorg/gradle/tooling/internal/consumer/versioning/VersionDetails$R44VersionDetails;.<clinit>()V> (0x00000006e5f689d0) 
thrown [s\src\hotspot\share\prims\jni.cpp, line 1108]
Event: 17.606 Thread 0x000001f76763d100 Exception <a 'java/lang/NoSuchMethodError'{0x00000006e5f69fd8}: static Lorg/gradle/tooling/internal/consumer/versioning/VersionDetails$R48VersionDetails;.<clinit>()V> (0x00000006e5f69fd8) 
thrown [s\src\hotspot\share\prims\jni.cpp, line 1108]
Event: 17.606 Thread 0x000001f76763d100 Exception <a 'java/lang/NoSuchMethodError'{0x00000006e5f6b1d8}: static Lorg/gradle/tooling/internal/consumer/versioning/VersionDetails$R51VersionDetails;.<clinit>()V> (0x00000006e5f6b1d8) 
thrown [s\src\hotspot\share\prims\jni.cpp, line 1108]
Event: 17.632 Thread 0x000001f76763d100 Exception <a 'java/lang/NoSuchMethodError'{0x00000006e6460360}: 'java.lang.Object java.lang.invoke.DirectMethodHandle$Holder.newInvokeSpecial(java.lang.Object, java.lang.Object, int)'> (0x00000006e6460360) 
thrown [s\src\hotspot\share\interpreter\linkResolver.cpp, line 771]
Event: 17.785 Thread 0x000001f76763d100 Exception <a 'java/lang/NoSuchMethodError'{0x00000006e5f40d18}: 'java.lang.Object java.lang.invoke.DirectMethodHandle$Holder.invokeSpecialIFC(java.lang.Object, java.lang.Object, java.lang.Object, java.lang.Object)'> (0x00000006e5f40d18) 
thrown [s\src\hotspot\share\interpreter\linkResolver.cpp, line 771]

VM Operations (20 events):
Event: 14.897 Executing VM operation: HandshakeAllThreads done
Event: 15.783 Executing VM operation: G1CollectForAllocation
Event: 15.787 Executing VM operation: G1CollectForAllocation done
Event: 16.789 Executing VM operation: Cleanup
Event: 16.789 Executing VM operation: Cleanup done
Event: 17.487 Executing VM operation: G1TryInitiateConcMark
Event: 17.489 Executing VM operation: G1TryInitiateConcMark done
Event: 17.526 Executing VM operation: G1TryInitiateConcMark
Event: 17.528 Executing VM operation: G1TryInitiateConcMark done
Event: 17.538 Executing VM operation: G1Concurrent
Event: 17.539 Executing VM operation: G1Concurrent done
Event: 17.543 Executing VM operation: G1Concurrent
Event: 17.543 Executing VM operation: G1Concurrent done
Event: 17.620 Executing VM operation: G1CollectForAllocation
Event: 17.622 Executing VM operation: G1CollectForAllocation done
Event: 17.630 Executing VM operation: HandshakeAllThreads
Event: 17.630 Executing VM operation: HandshakeAllThreads done
Event: 17.848 Executing VM operation: HandshakeAllThreads
Event: 17.848 Executing VM operation: HandshakeAllThreads done
Event: 17.872 Executing VM operation: G1CollectForAllocation

Events (20 events):
Event: 17.616 loading class java/util/concurrent/locks/ReentrantReadWriteLock done
Event: 17.616 loading class java/util/concurrent/locks/ReentrantReadWriteLock$NonfairSync
Event: 17.616 loading class java/util/concurrent/locks/ReentrantReadWriteLock$Sync
Event: 17.617 loading class java/util/concurrent/locks/ReentrantReadWriteLock$Sync done
Event: 17.617 loading class java/util/concurrent/locks/ReentrantReadWriteLock$NonfairSync done
Event: 17.617 loading class java/util/concurrent/locks/ReentrantReadWriteLock$Sync$ThreadLocalHoldCounter
Event: 17.617 loading class java/util/concurrent/locks/ReentrantReadWriteLock$Sync$ThreadLocalHoldCounter done
Event: 17.617 loading class java/util/concurrent/locks/ReentrantReadWriteLock$ReadLock
Event: 17.617 loading class java/util/concurrent/locks/ReentrantReadWriteLock$ReadLock done
Event: 17.617 loading class java/util/concurrent/locks/ReentrantReadWriteLock$WriteLock
Event: 17.617 loading class java/util/concurrent/locks/ReentrantReadWriteLock$WriteLock done
Event: 17.629 loading class java/util/concurrent/Executors$FinalizableDelegatedExecutorService
Event: 17.629 loading class java/util/concurrent/Executors$DelegatedExecutorService
Event: 17.629 loading class java/util/concurrent/Executors$DelegatedExecutorService done
Event: 17.629 loading class java/util/concurrent/Executors$FinalizableDelegatedExecutorService done
Event: 17.753 Thread 0x000001f769abc870 Thread exited: 0x000001f769abc870
Event: 17.778 Thread 0x000001f769545090 Thread added: 0x000001f769545090
Event: 17.805 Thread 0x000001f76954a730 Thread added: 0x000001f76954a730
Event: 17.813 Thread 0x000001f769abc870 Thread added: 0x000001f769abc870
Event: 17.831 Thread 0x000001f7695498c0 Thread added: 0x000001f7695498c0


Dynamic libraries:
0x00007ff6fddd0000 - 0x00007ff6fddda000 	C:\Program Files\Android\Android Studio1\jbr\bin\java.exe
0x00007ffb56670000 - 0x00007ffb56884000 	C:\WINDOWS\SYSTEM32\ntdll.dll
0x00007ffb55860000 - 0x00007ffb55922000 	C:\WINDOWS\System32\KERNEL32.DLL
0x00007ffb53d50000 - 0x00007ffb540f3000 	C:\WINDOWS\System32\KERNELBASE.dll
0x00007ffb53c30000 - 0x00007ffb53d41000 	C:\WINDOWS\System32\ucrtbase.dll
0x00007ffb4a920000 - 0x00007ffb4a93b000 	C:\Program Files\Android\Android Studio1\jbr\bin\VCRUNTIME140.dll
0x00007ffb4a210000 - 0x00007ffb4a227000 	C:\Program Files\Android\Android Studio1\jbr\bin\jli.dll
0x00007ffb55300000 - 0x00007ffb554aa000 	C:\WINDOWS\System32\USER32.dll
0x00007ffb53ae0000 - 0x00007ffb53b06000 	C:\WINDOWS\System32\win32u.dll
0x00007ffb55260000 - 0x00007ffb55289000 	C:\WINDOWS\System32\GDI32.dll
0x00007ffb53b10000 - 0x00007ffb53c29000 	C:\WINDOWS\System32\gdi32full.dll
0x00007ffb543b0000 - 0x00007ffb5444a000 	C:\WINDOWS\System32\msvcp_win.dll
0x00007ffb3bf80000 - 0x00007ffb3c20e000 	C:\WINDOWS\WinSxS\amd64_microsoft.windows.common-controls_6595b64144ccf1df_6.0.22621.1635_none_270f70857386168e\COMCTL32.dll
0x00007ffb563e0000 - 0x00007ffb56487000 	C:\WINDOWS\System32\msvcrt.dll
0x00007ffb55290000 - 0x00007ffb552c1000 	C:\WINDOWS\System32\IMM32.DLL
0x00007ffb50e10000 - 0x00007ffb50e1c000 	C:\Program Files\Android\Android Studio1\jbr\bin\vcruntime140_1.dll
0x00007ffb3faf0000 - 0x00007ffb3fb7d000 	C:\Program Files\Android\Android Studio1\jbr\bin\msvcp140.dll
0x00007ffad6600000 - 0x00007ffad726d000 	C:\Program Files\Android\Android Studio1\jbr\bin\server\jvm.dll
0x00007ffb56490000 - 0x00007ffb5653e000 	C:\WINDOWS\System32\ADVAPI32.dll
0x00007ffb55a20000 - 0x00007ffb55ac4000 	C:\WINDOWS\System32\sechost.dll
0x00007ffb548f0000 - 0x00007ffb54a07000 	C:\WINDOWS\System32\RPCRT4.dll
0x00007ffb461e0000 - 0x00007ffb461e9000 	C:\WINDOWS\SYSTEM32\WSOCK32.dll
0x00007ffb55c30000 - 0x00007ffb55ca1000 	C:\WINDOWS\System32\WS2_32.dll
0x00007ffb50420000 - 0x00007ffb5042a000 	C:\WINDOWS\SYSTEM32\VERSION.dll
0x00007ffb4dc40000 - 0x00007ffb4dc74000 	C:\WINDOWS\SYSTEM32\WINMM.dll
0x00007ffb52ab0000 - 0x00007ffb52ac8000 	C:\WINDOWS\SYSTEM32\kernel.appcore.dll
0x00007ffb461a0000 - 0x00007ffb461aa000 	C:\Program Files\Android\Android Studio1\jbr\bin\jimage.dll
0x00007ffb51510000 - 0x00007ffb5173e000 	C:\WINDOWS\SYSTEM32\DBGHELP.DLL
0x00007ffb554b0000 - 0x00007ffb55839000 	C:\WINDOWS\System32\combase.dll
0x00007ffb55930000 - 0x00007ffb55a07000 	C:\WINDOWS\System32\OLEAUT32.dll
0x00007ffb4ab00000 - 0x00007ffb4ab32000 	C:\WINDOWS\SYSTEM32\dbgcore.DLL
0x00007ffb54270000 - 0x00007ffb542ea000 	C:\WINDOWS\System32\bcryptPrimitives.dll
0x00007ffb3bcc0000 - 0x00007ffb3bce5000 	C:\Program Files\Android\Android Studio1\jbr\bin\java.dll
0x00007ffb3d8f0000 - 0x00007ffb3d908000 	C:\Program Files\Android\Android Studio1\jbr\bin\zip.dll
0x00007ffb54a60000 - 0x00007ffb55259000 	C:\WINDOWS\System32\SHELL32.dll
0x00007ffb51a60000 - 0x00007ffb5232e000 	C:\WINDOWS\SYSTEM32\windows.storage.dll
0x00007ffb51920000 - 0x00007ffb51a5e000 	C:\WINDOWS\SYSTEM32\wintypes.dll
0x00007ffb55ad0000 - 0x00007ffb55bc1000 	C:\WINDOWS\System32\SHCORE.dll
0x00007ffb56010000 - 0x00007ffb5606e000 	C:\WINDOWS\System32\shlwapi.dll
0x00007ffb539a0000 - 0x00007ffb539c6000 	C:\WINDOWS\SYSTEM32\profapi.dll
0x00007ffb3d000000 - 0x00007ffb3d019000 	C:\Program Files\Android\Android Studio1\jbr\bin\net.dll
0x00007ffb49d80000 - 0x00007ffb49eb7000 	C:\WINDOWS\SYSTEM32\WINHTTP.dll
0x00007ffb52f30000 - 0x00007ffb52f99000 	C:\WINDOWS\system32\mswsock.dll
0x00007ffb3c9f0000 - 0x00007ffb3ca06000 	C:\Program Files\Android\Android Studio1\jbr\bin\nio.dll
0x00007ffb3fa70000 - 0x00007ffb3fa80000 	C:\Program Files\Android\Android Studio1\jbr\bin\verify.dll
0x00007ffb409d0000 - 0x00007ffb409f7000 	C:\Users\or656\.gradle\native\68d5fa5c4cc2d200863cafc0d521ce42e7d3e7ee720ec0a83991735586a16f82\windows-amd64\native-platform.dll
0x00007ffb30810000 - 0x00007ffb30954000 	C:\Users\or656\.gradle\native\e376f236ea51e6404a007f0833ffe2c6e607c4080706a723a18a27aeea778392\windows-amd64\native-platform-file-events.dll
0x00007ffb40930000 - 0x00007ffb40939000 	C:\Program Files\Android\Android Studio1\jbr\bin\management.dll
0x00007ffb3faa0000 - 0x00007ffb3faab000 	C:\Program Files\Android\Android Studio1\jbr\bin\management_ext.dll
0x00007ffb548e0000 - 0x00007ffb548e8000 	C:\WINDOWS\System32\PSAPI.DLL
0x00007ffb53190000 - 0x00007ffb531ab000 	C:\WINDOWS\SYSTEM32\CRYPTSP.dll
0x00007ffb52a20000 - 0x00007ffb52a55000 	C:\WINDOWS\system32\rsaenh.dll
0x00007ffb53030000 - 0x00007ffb5305c000 	C:\WINDOWS\SYSTEM32\USERENV.dll
0x00007ffb53330000 - 0x00007ffb53358000 	C:\WINDOWS\SYSTEM32\bcrypt.dll
0x00007ffb531b0000 - 0x00007ffb531bc000 	C:\WINDOWS\SYSTEM32\CRYPTBASE.dll
0x00007ffb52590000 - 0x00007ffb525bd000 	C:\WINDOWS\SYSTEM32\IPHLPAPI.DLL
0x00007ffb552f0000 - 0x00007ffb552f9000 	C:\WINDOWS\System32\NSI.dll
0x00007ffb508f0000 - 0x00007ffb50909000 	C:\WINDOWS\SYSTEM32\dhcpcsvc6.DLL
0x00007ffb47110000 - 0x00007ffb4712f000 	C:\WINDOWS\SYSTEM32\dhcpcsvc.DLL
0x00007ffb52600000 - 0x00007ffb526f3000 	C:\WINDOWS\SYSTEM32\DNSAPI.dll
0x00007ffb3f6d0000 - 0x00007ffb3f6d8000 	C:\WINDOWS\system32\wshunix.dll

dbghelp: loaded successfully - version: 4.0.5 - missing functions: none
symbol engine: initialized successfully - sym options: 0x614 - pdb path: .;C:\Program Files\Android\Android Studio1\jbr\bin;C:\WINDOWS\SYSTEM32;C:\WINDOWS\WinSxS\amd64_microsoft.windows.common-controls_6595b64144ccf1df_6.0.22621.1635_none_270f70857386168e;C:\Program Files\Android\Android Studio1\jbr\bin\server;C:\Users\or656\.gradle\native\68d5fa5c4cc2d200863cafc0d521ce42e7d3e7ee720ec0a83991735586a16f82\windows-amd64;C:\Users\or656\.gradle\native\e376f236ea51e6404a007f0833ffe2c6e607c4080706a723a18a27aeea778392\windows-amd64

VM Arguments:
jvm_args: --add-opens=java.base/java.util=ALL-UNNAMED --add-opens=java.base/java.lang=ALL-UNNAMED --add-opens=java.base/java.lang.invoke=ALL-UNNAMED --add-opens=java.prefs/java.util.prefs=ALL-UNNAMED --add-opens=java.base/java.nio.charset=ALL-UNNAMED --add-opens=java.base/java.net=ALL-UNNAMED --add-opens=java.base/java.util.concurrent.atomic=ALL-UNNAMED -Xmx4608m -Dfile.encoding=windows-1255 -Duser.country=IL -Duser.language=he -Duser.variant 
java_command: org.gradle.launcher.daemon.bootstrap.GradleDaemon 8.0
java_class_path (initial): C:\Users\or656\.gradle\wrapper\dists\gradle-8.0-bin\ca5e32bp14vu59qr306oxotwh\gradle-8.0\lib\gradle-launcher-8.0.jar
Launcher Type: SUN_STANDARD

[Global flags]
     intx CICompilerCount                          = 4                                         {product} {ergonomic}
     uint ConcGCThreads                            = 2                                         {product} {ergonomic}
     uint G1ConcRefinementThreads                  = 8                                         {product} {ergonomic}
   size_t G1HeapRegionSize                         = 4194304                                   {product} {ergonomic}
    uintx GCDrainStackTargetSize                   = 64                                        {product} {ergonomic}
   size_t InitialHeapSize                          = 100663296                                 {product} {ergonomic}
   size_t MarkStackSize                            = 4194304                                   {product} {ergonomic}
   size_t MaxHeapSize                              = 4831838208                                {product} {command line}
   size_t MaxNewSize                               = 2898264064                                {product} {ergonomic}
   size_t MinHeapDeltaBytes                        = 4194304                                   {product} {ergonomic}
   size_t MinHeapSize                              = 8388608                                   {product} {ergonomic}
    uintx NonNMethodCodeHeapSize                   = 5839372                                {pd product} {ergonomic}
    uintx NonProfiledCodeHeapSize                  = 122909434                              {pd product} {ergonomic}
    uintx ProfiledCodeHeapSize                     = 122909434                              {pd product} {ergonomic}
    uintx ReservedCodeCacheSize                    = 251658240                              {pd product} {ergonomic}
     bool SegmentedCodeCache                       = true                                      {product} {ergonomic}
   size_t SoftMaxHeapSize                          = 4831838208                             {manageable} {ergonomic}
     bool UseCompressedClassPointers               = true                           {product lp64_product} {ergonomic}
     bool UseCompressedOops                        = true                           {product lp64_product} {ergonomic}
     bool UseG1GC                                  = true                                      {product} {ergonomic}
     bool UseLargePagesIndividualAllocation        = false                                  {pd product} {ergonomic}

Logging:
Log output configuration:
 #0: stdout all=warning uptime,level,tags
 #1: stderr all=off uptime,level,tags

Environment Variables:
PATH=C:\Program Files\Microsoft\jdk-11.0.16.101-hotspot\bin;C:\Program Files\Common Files\Oracle\Java\javapath;C:\Program Files (x86)\Common Files\Oracle\Java\javapath;C:\WINDOWS\system32;C:\WINDOWS;C:\WINDOWS\System32\Wbem;C:\WINDOWS\System32\WindowsPowerShell\v1.0\;C:\WINDOWS\System32\OpenSSH\;C:\Program Files (x86)\IncrediBuild;C:\Program Files\Microsoft SQL Server\150\Tools\Binn\;C:\Program Files\Microsoft SQL Server\Client SDK\ODBC\170\Tools\Binn\;C:\Program Files\dotnet\;C:\Program Files\nodejs\;C:\Program Files\Git\cmd;C:\Users\or656\AppData\Local\Android\Sdk\platform-tools;C:\Users\or656\AppData\Local\Android\Sdk\tools;C:\Users\or656\AppData\Local\Programs\Python\Python310\Scripts\;C:\Users\or656\AppData\Local\Programs\Python\Python310\;C:\Users\or656\AppData\Local\Microsoft\WindowsApps;C:\Users\or656\AppData\Local\Programs\Microsoft VS Code\bin;C:\Program Files\JetBrains\PyCharm Community Edition 2022.2.3\bin;;C:\Users\or656\.dotnet\tools;C:\Users\or656\AppData\Roaming\npm;C:\src\flutter\bin;
USERNAME=or656
OS=Windows_NT
PROCESSOR_IDENTIFIER=AMD64 Family 23 Model 104 Stepping 1, AuthenticAMD
TMP=C:\Users\or656\AppData\Local\Temp
TEMP=C:\Users\or656\AppData\Local\Temp



---------------  S Y S T E M  ---------------

OS:
 Windows 11 , 64 bit Build 22621 (10.0.22621.1928)
OS uptime: 4 days 5:37 hours

CPU: total 8 (initial active 8) (8 cores per cpu, 2 threads per core) family 23 model 104 stepping 1 microcode 0x0, cx8, cmov, fxsr, ht, mmx, 3dnowpref, sse, sse2, sse3, ssse3, sse4a, sse4.1, sse4.2, popcnt, lzcnt, tsc, tscinvbit, avx, avx2, aes, clmul, bmi1, bmi2, adx, sha, fma, vzeroupper, clflush, clflushopt

Memory: 4k page, system-wide physical 6005M (431M free)
TotalPageFile size 24437M (AvailPageFile size 16M)
current process WorkingSet (physical memory assigned to process): 198M, peak: 200M
current process commit charge ("private bytes"): 263M, peak: 293M

vm_info: OpenJDK 64-Bit Server VM (17.0.6+0-b2043.56-9586694) for windows-amd64 JRE (17.0.6+0-b2043.56-9586694), built on Feb  9 2023 20:06:20 by "androidbuild" with MS VC++ 16.10 / 16.11 (VS2019)

END.
